2021-02-09 12:17:47 INFO  Logging:15 - ****************************************************************************************
2021-02-09 12:17:47 INFO  Logging:18 - $$$$$$$$$$$$$$$$$$$$$      Starting verifyLandingPageTitleTest      $$$$$$$$$$$$$$$$$$$$$$$$$
2021-02-09 12:17:47 INFO  Logging:21 - ****************************************************************************************
2021-02-09 12:18:05 INFO  Logging:28 - XXXXXXXXXXXXXXXXXXXXXXX             -E---N---D-             XXXXXXXXXXXXXXXXXXXXXX
2021-02-09 12:18:15 INFO  Logging:15 - ****************************************************************************************
2021-02-09 12:18:15 INFO  Logging:18 - $$$$$$$$$$$$$$$$$$$$$      Starting verifyLogoutPageTitleTest      $$$$$$$$$$$$$$$$$$$$$$$$$
2021-02-09 12:18:15 INFO  Logging:21 - ****************************************************************************************
2021-02-09 12:18:28 INFO  Logging:28 - XXXXXXXXXXXXXXXXXXXXXXX             -E---N---D-             XXXXXXXXXXXXXXXXXXXXXX
2021-02-09 12:43:03 INFO  Logging:15 - ****************************************************************************************
2021-02-09 12:43:03 INFO  Logging:18 - $$$$$$$$$$$$$$$$$$$$$      Starting keywordLoginTest      $$$$$$$$$$$$$$$$$$$$$$$$$
2021-02-09 12:43:03 INFO  Logging:21 - ****************************************************************************************
2021-02-09 12:43:10 INFO  Logging:15 - ****************************************************************************************
2021-02-09 12:43:10 INFO  Logging:18 - $$$$$$$$$$$$$$$$$$$$$      Starting verifyHomePageTitle      $$$$$$$$$$$$$$$$$$$$$$$$$
2021-02-09 12:43:10 INFO  Logging:21 - ****************************************************************************************
2021-02-09 12:43:10 INFO  Logging:28 - XXXXXXXXXXXXXXXXXXXXXXX             -E---N---D-             XXXXXXXXXXXXXXXXXXXXXX
2021-02-09 12:51:24 INFO  Logging:15 - ****************************************************************************************
2021-02-09 12:51:24 INFO  Logging:18 - $$$$$$$$$$$$$$$$$$$$$      Starting keywordLoginTest      $$$$$$$$$$$$$$$$$$$$$$$$$
2021-02-09 12:51:24 INFO  Logging:21 - ****************************************************************************************
2021-02-09 12:51:29 INFO  Logging:15 - ****************************************************************************************
2021-02-09 12:51:29 INFO  Logging:18 - $$$$$$$$$$$$$$$$$$$$$      Starting verifyHomePageTitle      $$$$$$$$$$$$$$$$$$$$$$$$$
2021-02-09 12:51:29 INFO  Logging:21 - ****************************************************************************************
2021-02-09 12:51:29 INFO  Logging:28 - XXXXXXXXXXXXXXXXXXXXXXX             -E---N---D-             XXXXXXXXXXXXXXXXXXXXXX
2021-02-09 13:03:50 INFO  Logging:15 - ****************************************************************************************
2021-02-09 13:03:50 INFO  Logging:18 - $$$$$$$$$$$$$$$$$$$$$      Starting verifyLandingPageTitleTest      $$$$$$$$$$$$$$$$$$$$$$$$$
2021-02-09 13:03:50 INFO  Logging:21 - ****************************************************************************************
2021-02-09 13:03:54 INFO  Logging:28 - XXXXXXXXXXXXXXXXXXXXXXX             -E---N---D-             XXXXXXXXXXXXXXXXXXXXXX
2021-02-09 13:04:00 INFO  Logging:15 - ****************************************************************************************
2021-02-09 13:04:00 INFO  Logging:18 - $$$$$$$$$$$$$$$$$$$$$      Starting loginTest      $$$$$$$$$$$$$$$$$$$$$$$$$
2021-02-09 13:04:00 INFO  Logging:21 - ****************************************************************************************
2021-02-09 13:04:04 INFO  Logging:28 - XXXXXXXXXXXXXXXXXXXXXXX             -E---N---D-             XXXXXXXXXXXXXXXXXXXXXX
2021-02-09 13:04:09 INFO  Logging:15 - ****************************************************************************************
2021-02-09 13:04:09 INFO  Logging:18 - $$$$$$$$$$$$$$$$$$$$$      Starting loginTest      $$$$$$$$$$$$$$$$$$$$$$$$$
2021-02-09 13:04:09 INFO  Logging:21 - ****************************************************************************************
2021-02-09 13:04:13 INFO  Logging:28 - XXXXXXXXXXXXXXXXXXXXXXX             -E---N---D-             XXXXXXXXXXXXXXXXXXXXXX
2021-02-09 13:04:13 INFO  Logging:15 - ****************************************************************************************
2021-02-09 13:04:13 INFO  Logging:18 - $$$$$$$$$$$$$$$$$$$$$      Starting keywordLoginTest      $$$$$$$$$$$$$$$$$$$$$$$$$
2021-02-09 13:04:13 INFO  Logging:21 - ****************************************************************************************
2021-02-09 13:04:24 INFO  Logging:28 - XXXXXXXXXXXXXXXXXXXXXXX             -E---N---D-             XXXXXXXXXXXXXXXXXXXXXX
2021-02-09 13:04:31 INFO  Logging:15 - ****************************************************************************************
2021-02-09 13:04:31 INFO  Logging:18 - $$$$$$$$$$$$$$$$$$$$$      Starting verifyHomePageTitle      $$$$$$$$$$$$$$$$$$$$$$$$$
2021-02-09 13:04:31 INFO  Logging:21 - ****************************************************************************************
2021-02-09 13:04:31 INFO  Logging:28 - XXXXXXXXXXXXXXXXXXXXXXX             -E---N---D-             XXXXXXXXXXXXXXXXXXXXXX
2021-02-09 13:04:36 INFO  Logging:15 - ****************************************************************************************
2021-02-09 13:04:36 INFO  Logging:18 - $$$$$$$$$$$$$$$$$$$$$      Starting verifyLogoutPageTitleTest      $$$$$$$$$$$$$$$$$$$$$$$$$
2021-02-09 13:04:36 INFO  Logging:21 - ****************************************************************************************
2021-02-09 13:04:44 INFO  Logging:28 - XXXXXXXXXXXXXXXXXXXXXXX             -E---N---D-             XXXXXXXXXXXXXXXXXXXXXX
2021-02-09 13:09:21 INFO  Logging:15 - ****************************************************************************************
2021-02-09 13:09:21 INFO  Logging:18 - $$$$$$$$$$$$$$$$$$$$$      Starting verifyLandingPageTitleTest      $$$$$$$$$$$$$$$$$$$$$$$$$
2021-02-09 13:09:21 INFO  Logging:21 - ****************************************************************************************
2021-02-09 13:09:25 INFO  Logging:28 - XXXXXXXXXXXXXXXXXXXXXXX             -E---N---D-             XXXXXXXXXXXXXXXXXXXXXX
2021-02-09 13:09:30 INFO  Logging:15 - ****************************************************************************************
2021-02-09 13:09:30 INFO  Logging:18 - $$$$$$$$$$$$$$$$$$$$$      Starting loginTest      $$$$$$$$$$$$$$$$$$$$$$$$$
2021-02-09 13:09:30 INFO  Logging:21 - ****************************************************************************************
2021-02-09 13:09:35 INFO  Logging:28 - XXXXXXXXXXXXXXXXXXXXXXX             -E---N---D-             XXXXXXXXXXXXXXXXXXXXXX
2021-02-09 13:09:43 INFO  Logging:15 - ****************************************************************************************
2021-02-09 13:09:43 INFO  Logging:18 - $$$$$$$$$$$$$$$$$$$$$      Starting loginTest      $$$$$$$$$$$$$$$$$$$$$$$$$
2021-02-09 13:09:43 INFO  Logging:21 - ****************************************************************************************
2021-02-09 13:09:48 INFO  Logging:28 - XXXXXXXXXXXXXXXXXXXXXXX             -E---N---D-             XXXXXXXXXXXXXXXXXXXXXX
2021-02-09 13:09:48 INFO  Logging:15 - ****************************************************************************************
2021-02-09 13:09:48 INFO  Logging:18 - $$$$$$$$$$$$$$$$$$$$$      Starting keywordLoginTest      $$$$$$$$$$$$$$$$$$$$$$$$$
2021-02-09 13:09:48 INFO  Logging:21 - ****************************************************************************************
2021-02-09 13:09:59 INFO  Logging:28 - XXXXXXXXXXXXXXXXXXXXXXX             -E---N---D-             XXXXXXXXXXXXXXXXXXXXXX
2021-02-09 13:10:04 INFO  Logging:15 - ****************************************************************************************
2021-02-09 13:10:04 INFO  Logging:18 - $$$$$$$$$$$$$$$$$$$$$      Starting verifyHomePageTitle      $$$$$$$$$$$$$$$$$$$$$$$$$
2021-02-09 13:10:04 INFO  Logging:21 - ****************************************************************************************
2021-02-09 13:10:04 INFO  Logging:28 - XXXXXXXXXXXXXXXXXXXXXXX             -E---N---D-             XXXXXXXXXXXXXXXXXXXXXX
2021-02-09 13:10:04 INFO  Logging:15 - ****************************************************************************************
2021-02-09 13:10:04 INFO  Logging:18 - $$$$$$$$$$$$$$$$$$$$$      Starting verifyLogoutPageTitleTest      $$$$$$$$$$$$$$$$$$$$$$$$$
2021-02-09 13:10:04 INFO  Logging:21 - ****************************************************************************************
2021-02-09 13:19:00 INFO  Logging:15 - ****************************************************************************************
2021-02-09 13:19:00 INFO  Logging:18 - $$$$$$$$$$$$$$$$$$$$$      Starting verifyLandingPageTitleTest      $$$$$$$$$$$$$$$$$$$$$$$$$
2021-02-09 13:19:00 INFO  Logging:21 - ****************************************************************************************
2021-02-09 13:19:05 INFO  Logging:28 - XXXXXXXXXXXXXXXXXXXXXXX             -E---N---D-             XXXXXXXXXXXXXXXXXXXXXX
2021-02-09 13:19:05 INFO  Logging:15 - ****************************************************************************************
2021-02-09 13:19:05 INFO  Logging:18 - $$$$$$$$$$$$$$$$$$$$$      Starting verifyLogoutPageTitleTest      $$$$$$$$$$$$$$$$$$$$$$$$$
2021-02-09 13:19:05 INFO  Logging:21 - ****************************************************************************************
2021-02-09 13:20:34 INFO  Logging:15 - ****************************************************************************************
2021-02-09 13:20:34 INFO  Logging:18 - $$$$$$$$$$$$$$$$$$$$$      Starting verifyLandingPageTitleTest      $$$$$$$$$$$$$$$$$$$$$$$$$
2021-02-09 13:20:34 INFO  Logging:21 - ****************************************************************************************
2021-02-09 13:20:44 INFO  Logging:28 - XXXXXXXXXXXXXXXXXXXXXXX             -E---N---D-             XXXXXXXXXXXXXXXXXXXXXX
2021-02-09 13:20:54 INFO  Logging:15 - ****************************************************************************************
2021-02-09 13:20:54 INFO  Logging:18 - $$$$$$$$$$$$$$$$$$$$$      Starting verifyLogoutPageTitleTest      $$$$$$$$$$$$$$$$$$$$$$$$$
2021-02-09 13:20:54 INFO  Logging:21 - ****************************************************************************************
2021-02-09 13:21:02 INFO  Logging:28 - XXXXXXXXXXXXXXXXXXXXXXX             -E---N---D-             XXXXXXXXXXXXXXXXXXXXXX
2021-02-09 13:22:40 INFO  Logging:15 - ****************************************************************************************
2021-02-09 13:22:40 INFO  Logging:18 - $$$$$$$$$$$$$$$$$$$$$      Starting verifyLandingPageTitleTest      $$$$$$$$$$$$$$$$$$$$$$$$$
2021-02-09 13:22:40 INFO  Logging:21 - ****************************************************************************************
2021-02-09 13:22:58 INFO  Logging:28 - XXXXXXXXXXXXXXXXXXXXXXX             -E---N---D-             XXXXXXXXXXXXXXXXXXXXXX
2021-02-09 13:23:09 INFO  Logging:15 - ****************************************************************************************
2021-02-09 13:23:09 INFO  Logging:18 - $$$$$$$$$$$$$$$$$$$$$      Starting verifyLogoutPageTitleTest      $$$$$$$$$$$$$$$$$$$$$$$$$
2021-02-09 13:23:09 INFO  Logging:21 - ****************************************************************************************
2021-02-09 13:23:44 INFO  Logging:28 - XXXXXXXXXXXXXXXXXXXXXXX             -E---N---D-             XXXXXXXXXXXXXXXXXXXXXX
2021-02-09 13:24:34 INFO  Logging:15 - ****************************************************************************************
2021-02-09 13:24:34 INFO  Logging:18 - $$$$$$$$$$$$$$$$$$$$$      Starting verifyLandingPageTitleTest      $$$$$$$$$$$$$$$$$$$$$$$$$
2021-02-09 13:24:34 INFO  Logging:21 - ****************************************************************************************
2021-02-09 13:24:39 INFO  Logging:28 - XXXXXXXXXXXXXXXXXXXXXXX             -E---N---D-             XXXXXXXXXXXXXXXXXXXXXX
2021-02-09 13:24:45 INFO  Logging:15 - ****************************************************************************************
2021-02-09 13:24:45 INFO  Logging:18 - $$$$$$$$$$$$$$$$$$$$$      Starting loginTest      $$$$$$$$$$$$$$$$$$$$$$$$$
2021-02-09 13:24:45 INFO  Logging:21 - ****************************************************************************************
2021-02-09 13:24:50 INFO  Logging:28 - XXXXXXXXXXXXXXXXXXXXXXX             -E---N---D-             XXXXXXXXXXXXXXXXXXXXXX
2021-02-09 13:24:56 INFO  Logging:15 - ****************************************************************************************
2021-02-09 13:24:56 INFO  Logging:18 - $$$$$$$$$$$$$$$$$$$$$      Starting loginTest      $$$$$$$$$$$$$$$$$$$$$$$$$
2021-02-09 13:24:56 INFO  Logging:21 - ****************************************************************************************
2021-02-09 13:24:58 INFO  Logging:28 - XXXXXXXXXXXXXXXXXXXXXXX             -E---N---D-             XXXXXXXXXXXXXXXXXXXXXX
2021-02-09 13:24:58 INFO  Logging:15 - ****************************************************************************************
2021-02-09 13:24:58 INFO  Logging:18 - $$$$$$$$$$$$$$$$$$$$$      Starting keywordLoginTest      $$$$$$$$$$$$$$$$$$$$$$$$$
2021-02-09 13:24:58 INFO  Logging:21 - ****************************************************************************************
2021-02-09 13:25:49 INFO  Logging:28 - XXXXXXXXXXXXXXXXXXXXXXX             -E---N---D-             XXXXXXXXXXXXXXXXXXXXXX
2021-02-09 13:25:56 INFO  Logging:15 - ****************************************************************************************
2021-02-09 13:25:56 INFO  Logging:18 - $$$$$$$$$$$$$$$$$$$$$      Starting verifyHomePageTitle      $$$$$$$$$$$$$$$$$$$$$$$$$
2021-02-09 13:25:56 INFO  Logging:21 - ****************************************************************************************
2021-02-09 13:25:56 INFO  Logging:28 - XXXXXXXXXXXXXXXXXXXXXXX             -E---N---D-             XXXXXXXXXXXXXXXXXXXXXX
2021-02-09 13:26:01 INFO  Logging:15 - ****************************************************************************************
2021-02-09 13:26:01 INFO  Logging:18 - $$$$$$$$$$$$$$$$$$$$$      Starting verifyLogoutPageTitleTest      $$$$$$$$$$$$$$$$$$$$$$$$$
2021-02-09 13:26:01 INFO  Logging:21 - ****************************************************************************************
2021-02-09 13:26:09 INFO  Logging:28 - XXXXXXXXXXXXXXXXXXXXXXX             -E---N---D-             XXXXXXXXXXXXXXXXXXXXXX
2021-02-09 13:33:22 INFO  Logging:15 - ****************************************************************************************
2021-02-09 13:33:22 INFO  Logging:18 - $$$$$$$$$$$$$$$$$$$$$      Starting verifyLandingPageTitleTest      $$$$$$$$$$$$$$$$$$$$$$$$$
2021-02-09 13:33:22 INFO  Logging:21 - ****************************************************************************************
2021-02-09 13:33:36 INFO  Logging:28 - XXXXXXXXXXXXXXXXXXXXXXX             -E---N---D-             XXXXXXXXXXXXXXXXXXXXXX
2021-02-09 13:33:45 INFO  Logging:15 - ****************************************************************************************
2021-02-09 13:33:45 INFO  Logging:18 - $$$$$$$$$$$$$$$$$$$$$      Starting verifyLogoutPageTitleTest      $$$$$$$$$$$$$$$$$$$$$$$$$
2021-02-09 13:33:45 INFO  Logging:21 - ****************************************************************************************
2021-02-09 13:34:01 INFO  Logging:28 - XXXXXXXXXXXXXXXXXXXXXXX             -E---N---D-             XXXXXXXXXXXXXXXXXXXXXX
2021-02-09 13:35:43 INFO  Logging:15 - ****************************************************************************************
2021-02-09 13:35:43 INFO  Logging:18 - $$$$$$$$$$$$$$$$$$$$$      Starting loginTest      $$$$$$$$$$$$$$$$$$$$$$$$$
2021-02-09 13:35:43 INFO  Logging:21 - ****************************************************************************************
2021-02-09 13:36:20 INFO  Logging:15 - ****************************************************************************************
2021-02-09 13:36:20 INFO  Logging:18 - $$$$$$$$$$$$$$$$$$$$$      Starting loginTest      $$$$$$$$$$$$$$$$$$$$$$$$$
2021-02-09 13:36:20 INFO  Logging:21 - ****************************************************************************************
2021-02-09 13:36:23 INFO  Logging:28 - XXXXXXXXXXXXXXXXXXXXXXX             -E---N---D-             XXXXXXXXXXXXXXXXXXXXXX
2021-02-09 13:36:29 INFO  Logging:15 - ****************************************************************************************
2021-02-09 13:36:29 INFO  Logging:18 - $$$$$$$$$$$$$$$$$$$$$      Starting loginTest      $$$$$$$$$$$$$$$$$$$$$$$$$
2021-02-09 13:36:29 INFO  Logging:21 - ****************************************************************************************
2021-02-09 13:36:37 INFO  Logging:28 - XXXXXXXXXXXXXXXXXXXXXXX             -E---N---D-             XXXXXXXXXXXXXXXXXXXXXX
2021-02-09 13:37:57 INFO  Logging:15 - ****************************************************************************************
2021-02-09 13:37:57 INFO  Logging:18 - $$$$$$$$$$$$$$$$$$$$$      Starting loginTest      $$$$$$$$$$$$$$$$$$$$$$$$$
2021-02-09 13:37:57 INFO  Logging:21 - ****************************************************************************************
2021-02-09 13:38:01 INFO  Logging:28 - XXXXXXXXXXXXXXXXXXXXXXX             -E---N---D-             XXXXXXXXXXXXXXXXXXXXXX
2021-02-09 13:38:01 INFO  Logging:15 - ****************************************************************************************
2021-02-09 13:38:01 INFO  Logging:18 - $$$$$$$$$$$$$$$$$$$$$      Starting loginTest      $$$$$$$$$$$$$$$$$$$$$$$$$
2021-02-09 13:38:01 INFO  Logging:21 - ****************************************************************************************
2021-02-09 14:18:52 INFO  Logging:15 - ****************************************************************************************
2021-02-09 14:18:52 INFO  Logging:18 - $$$$$$$$$$$$$$$$$$$$$      Starting verifyLandingPageTitleTest      $$$$$$$$$$$$$$$$$$$$$$$$$
2021-02-09 14:18:52 INFO  Logging:21 - ****************************************************************************************
2021-02-09 14:18:55 INFO  Logging:28 - XXXXXXXXXXXXXXXXXXXXXXX             -E---N---D-             XXXXXXXXXXXXXXXXXXXXXX
2021-02-09 14:18:56 INFO  Logging:15 - ****************************************************************************************
2021-02-09 14:18:56 INFO  Logging:18 - $$$$$$$$$$$$$$$$$$$$$      Starting loginTest      $$$$$$$$$$$$$$$$$$$$$$$$$
2021-02-09 14:18:56 INFO  Logging:21 - ****************************************************************************************
2021-02-09 14:18:59 INFO  Logging:28 - XXXXXXXXXXXXXXXXXXXXXXX             -E---N---D-             XXXXXXXXXXXXXXXXXXXXXX
2021-02-09 14:18:59 INFO  Logging:15 - ****************************************************************************************
2021-02-09 14:18:59 INFO  Logging:18 - $$$$$$$$$$$$$$$$$$$$$      Starting loginTest      $$$$$$$$$$$$$$$$$$$$$$$$$
2021-02-09 14:18:59 INFO  Logging:21 - ****************************************************************************************
2021-02-09 14:18:59 INFO  Logging:15 - ****************************************************************************************
2021-02-09 14:18:59 INFO  Logging:18 - $$$$$$$$$$$$$$$$$$$$$      Starting keywordLoginTest      $$$$$$$$$$$$$$$$$$$$$$$$$
2021-02-09 14:18:59 INFO  Logging:21 - ****************************************************************************************
2021-02-09 14:19:06 INFO  Logging:28 - XXXXXXXXXXXXXXXXXXXXXXX             -E---N---D-             XXXXXXXXXXXXXXXXXXXXXX
2021-02-09 14:19:12 INFO  Logging:15 - ****************************************************************************************
2021-02-09 14:19:12 INFO  Logging:18 - $$$$$$$$$$$$$$$$$$$$$      Starting verifyHomePageTitle      $$$$$$$$$$$$$$$$$$$$$$$$$
2021-02-09 14:19:12 INFO  Logging:21 - ****************************************************************************************
2021-02-09 14:19:12 INFO  Logging:28 - XXXXXXXXXXXXXXXXXXXXXXX             -E---N---D-             XXXXXXXXXXXXXXXXXXXXXX
2021-02-09 14:19:18 INFO  Logging:15 - ****************************************************************************************
2021-02-09 14:19:18 INFO  Logging:18 - $$$$$$$$$$$$$$$$$$$$$      Starting verifyLogoutPageTitleTest      $$$$$$$$$$$$$$$$$$$$$$$$$
2021-02-09 14:19:18 INFO  Logging:21 - ****************************************************************************************
2021-02-09 14:19:28 INFO  Logging:28 - XXXXXXXXXXXXXXXXXXXXXXX             -E---N---D-             XXXXXXXXXXXXXXXXXXXXXX
2021-02-09 14:23:30 INFO  Logging:15 - ****************************************************************************************
2021-02-09 14:23:30 INFO  Logging:18 - $$$$$$$$$$$$$$$$$$$$$      Starting verifyLandingPageTitleTest      $$$$$$$$$$$$$$$$$$$$$$$$$
2021-02-09 14:23:30 INFO  Logging:21 - ****************************************************************************************
2021-02-09 14:23:33 INFO  Logging:28 - XXXXXXXXXXXXXXXXXXXXXXX             -E---N---D-             XXXXXXXXXXXXXXXXXXXXXX
2021-02-09 14:23:38 INFO  Logging:15 - ****************************************************************************************
2021-02-09 14:23:38 INFO  Logging:18 - $$$$$$$$$$$$$$$$$$$$$      Starting loginTest      $$$$$$$$$$$$$$$$$$$$$$$$$
2021-02-09 14:23:38 INFO  Logging:21 - ****************************************************************************************
2021-02-09 14:23:42 INFO  Logging:28 - XXXXXXXXXXXXXXXXXXXXXXX             -E---N---D-             XXXXXXXXXXXXXXXXXXXXXX
2021-02-09 14:23:48 INFO  Logging:15 - ****************************************************************************************
2021-02-09 14:23:48 INFO  Logging:18 - $$$$$$$$$$$$$$$$$$$$$      Starting loginTest      $$$$$$$$$$$$$$$$$$$$$$$$$
2021-02-09 14:23:48 INFO  Logging:21 - ****************************************************************************************
2021-02-09 14:23:51 INFO  Logging:28 - XXXXXXXXXXXXXXXXXXXXXXX             -E---N---D-             XXXXXXXXXXXXXXXXXXXXXX
2021-02-09 14:23:51 INFO  Logging:15 - ****************************************************************************************
2021-02-09 14:23:51 INFO  Logging:18 - $$$$$$$$$$$$$$$$$$$$$      Starting keywordLoginTest      $$$$$$$$$$$$$$$$$$$$$$$$$
2021-02-09 14:23:51 INFO  Logging:21 - ****************************************************************************************
2021-02-09 14:24:01 INFO  Logging:28 - XXXXXXXXXXXXXXXXXXXXXXX             -E---N---D-             XXXXXXXXXXXXXXXXXXXXXX
2021-02-09 14:24:06 INFO  Logging:15 - ****************************************************************************************
2021-02-09 14:24:06 INFO  Logging:18 - $$$$$$$$$$$$$$$$$$$$$      Starting verifyHomePageTitle      $$$$$$$$$$$$$$$$$$$$$$$$$
2021-02-09 14:24:06 INFO  Logging:21 - ****************************************************************************************
2021-02-09 14:24:06 INFO  Logging:28 - XXXXXXXXXXXXXXXXXXXXXXX             -E---N---D-             XXXXXXXXXXXXXXXXXXXXXX
2021-02-09 14:24:12 INFO  Logging:15 - ****************************************************************************************
2021-02-09 14:24:12 INFO  Logging:18 - $$$$$$$$$$$$$$$$$$$$$      Starting verifyLogoutPageTitleTest      $$$$$$$$$$$$$$$$$$$$$$$$$
2021-02-09 14:24:12 INFO  Logging:21 - ****************************************************************************************
2021-02-09 14:24:24 INFO  Logging:28 - XXXXXXXXXXXXXXXXXXXXXXX             -E---N---D-             XXXXXXXXXXXXXXXXXXXXXX
2021-02-09 14:25:43 INFO  Logging:15 - ****************************************************************************************
2021-02-09 14:25:43 INFO  Logging:18 - $$$$$$$$$$$$$$$$$$$$$      Starting loginTest      $$$$$$$$$$$$$$$$$$$$$$$$$
2021-02-09 14:25:43 INFO  Logging:21 - ****************************************************************************************
2021-02-09 14:25:46 INFO  Logging:28 - XXXXXXXXXXXXXXXXXXXXXXX             -E---N---D-             XXXXXXXXXXXXXXXXXXXXXX
2021-02-09 14:25:52 INFO  Logging:15 - ****************************************************************************************
2021-02-09 14:25:52 INFO  Logging:18 - $$$$$$$$$$$$$$$$$$$$$      Starting loginTest      $$$$$$$$$$$$$$$$$$$$$$$$$
2021-02-09 14:25:52 INFO  Logging:21 - ****************************************************************************************
2021-02-09 14:25:56 INFO  Logging:28 - XXXXXXXXXXXXXXXXXXXXXXX             -E---N---D-             XXXXXXXXXXXXXXXXXXXXXX
2021-02-09 14:26:43 INFO  Logging:15 - ****************************************************************************************
2021-02-09 14:26:43 INFO  Logging:18 - $$$$$$$$$$$$$$$$$$$$$      Starting loginTest      $$$$$$$$$$$$$$$$$$$$$$$$$
2021-02-09 14:26:43 INFO  Logging:21 - ****************************************************************************************
2021-02-09 14:26:48 INFO  Logging:28 - XXXXXXXXXXXXXXXXXXXXXXX             -E---N---D-             XXXXXXXXXXXXXXXXXXXXXX
2021-02-09 14:26:54 INFO  Logging:15 - ****************************************************************************************
2021-02-09 14:26:54 INFO  Logging:18 - $$$$$$$$$$$$$$$$$$$$$      Starting loginTest      $$$$$$$$$$$$$$$$$$$$$$$$$
2021-02-09 14:26:54 INFO  Logging:21 - ****************************************************************************************
2021-02-09 14:26:58 INFO  Logging:28 - XXXXXXXXXXXXXXXXXXXXXXX             -E---N---D-             XXXXXXXXXXXXXXXXXXXXXX
2021-02-09 14:27:39 INFO  Logging:15 - ****************************************************************************************
2021-02-09 14:27:39 INFO  Logging:18 - $$$$$$$$$$$$$$$$$$$$$      Starting verifyLandingPageTitleTest      $$$$$$$$$$$$$$$$$$$$$$$$$
2021-02-09 14:27:39 INFO  Logging:21 - ****************************************************************************************
2021-02-09 14:27:43 INFO  Logging:28 - XXXXXXXXXXXXXXXXXXXXXXX             -E---N---D-             XXXXXXXXXXXXXXXXXXXXXX
2021-02-09 14:27:49 INFO  Logging:15 - ****************************************************************************************
2021-02-09 14:27:49 INFO  Logging:18 - $$$$$$$$$$$$$$$$$$$$$      Starting loginTest      $$$$$$$$$$$$$$$$$$$$$$$$$
2021-02-09 14:27:49 INFO  Logging:21 - ****************************************************************************************
2021-02-09 14:27:53 INFO  Logging:28 - XXXXXXXXXXXXXXXXXXXXXXX             -E---N---D-             XXXXXXXXXXXXXXXXXXXXXX
2021-02-09 14:27:58 INFO  Logging:15 - ****************************************************************************************
2021-02-09 14:27:58 INFO  Logging:18 - $$$$$$$$$$$$$$$$$$$$$      Starting loginTest      $$$$$$$$$$$$$$$$$$$$$$$$$
2021-02-09 14:27:58 INFO  Logging:21 - ****************************************************************************************
2021-02-09 14:28:02 INFO  Logging:28 - XXXXXXXXXXXXXXXXXXXXXXX             -E---N---D-             XXXXXXXXXXXXXXXXXXXXXX
2021-02-09 14:28:02 INFO  Logging:15 - ****************************************************************************************
2021-02-09 14:28:02 INFO  Logging:18 - $$$$$$$$$$$$$$$$$$$$$      Starting keywordLoginTest      $$$$$$$$$$$$$$$$$$$$$$$$$
2021-02-09 14:28:02 INFO  Logging:21 - ****************************************************************************************
2021-02-09 14:28:10 INFO  Logging:28 - XXXXXXXXXXXXXXXXXXXXXXX             -E---N---D-             XXXXXXXXXXXXXXXXXXXXXX
2021-02-09 14:28:16 INFO  Logging:15 - ****************************************************************************************
2021-02-09 14:28:16 INFO  Logging:18 - $$$$$$$$$$$$$$$$$$$$$      Starting verifyHomePageTitle      $$$$$$$$$$$$$$$$$$$$$$$$$
2021-02-09 14:28:16 INFO  Logging:21 - ****************************************************************************************
2021-02-09 14:28:16 INFO  Logging:28 - XXXXXXXXXXXXXXXXXXXXXXX             -E---N---D-             XXXXXXXXXXXXXXXXXXXXXX
2021-02-09 14:28:22 INFO  Logging:15 - ****************************************************************************************
2021-02-09 14:28:22 INFO  Logging:18 - $$$$$$$$$$$$$$$$$$$$$      Starting verifyLogoutPageTitleTest      $$$$$$$$$$$$$$$$$$$$$$$$$
2021-02-09 14:28:22 INFO  Logging:21 - ****************************************************************************************
2021-02-09 14:28:29 INFO  Logging:28 - XXXXXXXXXXXXXXXXXXXXXXX             -E---N---D-             XXXXXXXXXXXXXXXXXXXXXX
2021-02-09 17:30:24 INFO  Logging:15 - ****************************************************************************************
2021-02-09 17:30:24 INFO  Logging:18 - $$$$$$$$$$$$$$$$$$$$$      Starting keywordLoginTest      $$$$$$$$$$$$$$$$$$$$$$$$$
2021-02-09 17:30:24 INFO  Logging:21 - ****************************************************************************************
2021-02-09 17:30:31 INFO  Logging:15 - ****************************************************************************************
2021-02-09 17:30:31 INFO  Logging:18 - $$$$$$$$$$$$$$$$$$$$$      Starting verifyHomePageTitle      $$$$$$$$$$$$$$$$$$$$$$$$$
2021-02-09 17:30:31 INFO  Logging:21 - ****************************************************************************************
2021-02-09 17:30:31 INFO  Logging:28 - XXXXXXXXXXXXXXXXXXXXXXX             -E---N---D-             XXXXXXXXXXXXXXXXXXXXXX
2021-02-09 19:53:50 INFO  Logging:15 - ****************************************************************************************
2021-02-09 19:53:50 INFO  Logging:18 - $$$$$$$$$$$$$$$$$$$$$      Starting verifyLandingPageTitleTest      $$$$$$$$$$$$$$$$$$$$$$$$$
2021-02-09 19:53:50 INFO  Logging:21 - ****************************************************************************************
2021-02-09 19:53:54 INFO  Logging:28 - XXXXXXXXXXXXXXXXXXXXXXX             -E---N---D-             XXXXXXXXXXXXXXXXXXXXXX
2021-02-09 19:54:01 INFO  Logging:15 - ****************************************************************************************
2021-02-09 19:54:01 INFO  Logging:18 - $$$$$$$$$$$$$$$$$$$$$      Starting loginTest      $$$$$$$$$$$$$$$$$$$$$$$$$
2021-02-09 19:54:01 INFO  Logging:21 - ****************************************************************************************
2021-02-09 19:54:05 INFO  Logging:28 - XXXXXXXXXXXXXXXXXXXXXXX             -E---N---D-             XXXXXXXXXXXXXXXXXXXXXX
2021-02-09 19:54:11 INFO  Logging:15 - ****************************************************************************************
2021-02-09 19:54:11 INFO  Logging:18 - $$$$$$$$$$$$$$$$$$$$$      Starting loginTest      $$$$$$$$$$$$$$$$$$$$$$$$$
2021-02-09 19:54:11 INFO  Logging:21 - ****************************************************************************************
2021-02-09 19:54:15 INFO  Logging:28 - XXXXXXXXXXXXXXXXXXXXXXX             -E---N---D-             XXXXXXXXXXXXXXXXXXXXXX
2021-02-09 19:54:15 INFO  Logging:15 - ****************************************************************************************
2021-02-09 19:54:15 INFO  Logging:18 - $$$$$$$$$$$$$$$$$$$$$      Starting keywordLoginTest      $$$$$$$$$$$$$$$$$$$$$$$$$
2021-02-09 19:54:15 INFO  Logging:21 - ****************************************************************************************
2021-02-09 19:54:24 INFO  Logging:28 - XXXXXXXXXXXXXXXXXXXXXXX             -E---N---D-             XXXXXXXXXXXXXXXXXXXXXX
2021-02-09 19:54:30 INFO  Logging:15 - ****************************************************************************************
2021-02-09 19:54:30 INFO  Logging:18 - $$$$$$$$$$$$$$$$$$$$$      Starting verifyHomePageTitle      $$$$$$$$$$$$$$$$$$$$$$$$$
2021-02-09 19:54:30 INFO  Logging:21 - ****************************************************************************************
2021-02-09 19:54:30 INFO  Logging:28 - XXXXXXXXXXXXXXXXXXXXXXX             -E---N---D-             XXXXXXXXXXXXXXXXXXXXXX
2021-02-09 19:54:37 INFO  Logging:15 - ****************************************************************************************
2021-02-09 19:54:37 INFO  Logging:18 - $$$$$$$$$$$$$$$$$$$$$      Starting verifyLogoutPageTitleTest      $$$$$$$$$$$$$$$$$$$$$$$$$
2021-02-09 19:54:37 INFO  Logging:21 - ****************************************************************************************
2021-02-09 19:54:50 INFO  Logging:28 - XXXXXXXXXXXXXXXXXXXXXXX             -E---N---D-             XXXXXXXXXXXXXXXXXXXXXX
2021-02-09 20:00:27 INFO  Logging:15 - ****************************************************************************************
2021-02-09 20:00:27 INFO  Logging:18 - $$$$$$$$$$$$$$$$$$$$$      Starting verifyLandingPageTitleTest      $$$$$$$$$$$$$$$$$$$$$$$$$
2021-02-09 20:00:27 INFO  Logging:21 - ****************************************************************************************
2021-02-09 20:00:33 INFO  Logging:28 - XXXXXXXXXXXXXXXXXXXXXXX             -E---N---D-             XXXXXXXXXXXXXXXXXXXXXX
2021-02-09 20:00:40 INFO  Logging:15 - ****************************************************************************************
2021-02-09 20:00:40 INFO  Logging:18 - $$$$$$$$$$$$$$$$$$$$$      Starting loginTest      $$$$$$$$$$$$$$$$$$$$$$$$$
2021-02-09 20:00:40 INFO  Logging:21 - ****************************************************************************************
2021-02-09 20:00:46 INFO  Logging:28 - XXXXXXXXXXXXXXXXXXXXXXX             -E---N---D-             XXXXXXXXXXXXXXXXXXXXXX
2021-02-09 20:00:58 INFO  Logging:15 - ****************************************************************************************
2021-02-09 20:00:58 INFO  Logging:18 - $$$$$$$$$$$$$$$$$$$$$      Starting loginTest      $$$$$$$$$$$$$$$$$$$$$$$$$
2021-02-09 20:00:58 INFO  Logging:21 - ****************************************************************************************
2021-02-09 20:01:04 INFO  Logging:28 - XXXXXXXXXXXXXXXXXXXXXXX             -E---N---D-             XXXXXXXXXXXXXXXXXXXXXX
2021-02-09 20:01:04 INFO  Logging:15 - ****************************************************************************************
2021-02-09 20:01:04 INFO  Logging:18 - $$$$$$$$$$$$$$$$$$$$$      Starting keywordLoginTest      $$$$$$$$$$$$$$$$$$$$$$$$$
2021-02-09 20:01:04 INFO  Logging:21 - ****************************************************************************************
2021-02-09 20:01:16 INFO  Logging:28 - XXXXXXXXXXXXXXXXXXXXXXX             -E---N---D-             XXXXXXXXXXXXXXXXXXXXXX
2021-02-09 20:01:24 INFO  Logging:15 - ****************************************************************************************
2021-02-09 20:01:24 INFO  Logging:18 - $$$$$$$$$$$$$$$$$$$$$      Starting verifyHomePageTitle      $$$$$$$$$$$$$$$$$$$$$$$$$
2021-02-09 20:01:24 INFO  Logging:21 - ****************************************************************************************
2021-02-09 20:01:24 INFO  Logging:28 - XXXXXXXXXXXXXXXXXXXXXXX             -E---N---D-             XXXXXXXXXXXXXXXXXXXXXX
2021-02-09 20:01:31 INFO  Logging:15 - ****************************************************************************************
2021-02-09 20:01:31 INFO  Logging:18 - $$$$$$$$$$$$$$$$$$$$$      Starting verifyLogoutPageTitleTest      $$$$$$$$$$$$$$$$$$$$$$$$$
2021-02-09 20:01:31 INFO  Logging:21 - ****************************************************************************************
2021-02-09 20:01:46 INFO  Logging:28 - XXXXXXXXXXXXXXXXXXXXXXX             -E---N---D-             XXXXXXXXXXXXXXXXXXXXXX
2021-02-09 21:44:26 INFO  Logging:15 - ****************************************************************************************
2021-02-09 21:44:26 INFO  Logging:18 - $$$$$$$$$$$$$$$$$$$$$      Starting verifyLandingPageTitleTest      $$$$$$$$$$$$$$$$$$$$$$$$$
2021-02-09 21:44:26 INFO  Logging:21 - ****************************************************************************************
2021-02-09 21:44:29 INFO  Logging:28 - XXXXXXXXXXXXXXXXXXXXXXX             -E---N---D-             XXXXXXXXXXXXXXXXXXXXXX
2021-02-09 21:44:37 INFO  Logging:15 - ****************************************************************************************
2021-02-09 21:44:37 INFO  Logging:18 - $$$$$$$$$$$$$$$$$$$$$      Starting loginTest      $$$$$$$$$$$$$$$$$$$$$$$$$
2021-02-09 21:44:37 INFO  Logging:21 - ****************************************************************************************
2021-02-09 21:44:38 INFO  Logging:28 - XXXXXXXXXXXXXXXXXXXXXXX             -E---N---D-             XXXXXXXXXXXXXXXXXXXXXX
2021-02-09 21:44:44 INFO  Logging:15 - ****************************************************************************************
2021-02-09 21:44:44 INFO  Logging:18 - $$$$$$$$$$$$$$$$$$$$$      Starting loginTest      $$$$$$$$$$$$$$$$$$$$$$$$$
2021-02-09 21:44:44 INFO  Logging:21 - ****************************************************************************************
2021-02-09 21:44:47 INFO  Logging:28 - XXXXXXXXXXXXXXXXXXXXXXX             -E---N---D-             XXXXXXXXXXXXXXXXXXXXXX
2021-02-09 21:44:48 INFO  Logging:15 - ****************************************************************************************
2021-02-09 21:44:48 INFO  Logging:18 - $$$$$$$$$$$$$$$$$$$$$      Starting keywordLoginTest      $$$$$$$$$$$$$$$$$$$$$$$$$
2021-02-09 21:44:48 INFO  Logging:21 - ****************************************************************************************
2021-02-09 21:44:59 INFO  Logging:28 - XXXXXXXXXXXXXXXXXXXXXXX             -E---N---D-             XXXXXXXXXXXXXXXXXXXXXX
2021-02-09 21:45:05 INFO  Logging:15 - ****************************************************************************************
2021-02-09 21:45:05 INFO  Logging:18 - $$$$$$$$$$$$$$$$$$$$$      Starting verifyHomePageTitle      $$$$$$$$$$$$$$$$$$$$$$$$$
2021-02-09 21:45:05 INFO  Logging:21 - ****************************************************************************************
2021-02-09 21:45:05 INFO  Logging:28 - XXXXXXXXXXXXXXXXXXXXXXX             -E---N---D-             XXXXXXXXXXXXXXXXXXXXXX
2021-02-09 21:45:14 INFO  Logging:15 - ****************************************************************************************
2021-02-09 21:45:14 INFO  Logging:18 - $$$$$$$$$$$$$$$$$$$$$      Starting verifyLogoutPageTitleTest      $$$$$$$$$$$$$$$$$$$$$$$$$
2021-02-09 21:45:14 INFO  Logging:21 - ****************************************************************************************
2021-02-09 21:45:21 INFO  Logging:28 - XXXXXXXXXXXXXXXXXXXXXXX             -E---N---D-             XXXXXXXXXXXXXXXXXXXXXX
2021-02-09 22:22:41 INFO  Logging:15 - ****************************************************************************************
2021-02-09 22:22:41 INFO  Logging:18 - $$$$$$$$$$$$$$$$$$$$$      Starting verifyLandingPageTitleTest      $$$$$$$$$$$$$$$$$$$$$$$$$
2021-02-09 22:22:41 INFO  Logging:21 - ****************************************************************************************
2021-02-09 22:22:49 INFO  Logging:28 - XXXXXXXXXXXXXXXXXXXXXXX             -E---N---D-             XXXXXXXXXXXXXXXXXXXXXX
2021-02-09 22:22:58 INFO  Logging:15 - ****************************************************************************************
2021-02-09 22:22:58 INFO  Logging:18 - $$$$$$$$$$$$$$$$$$$$$      Starting loginTest      $$$$$$$$$$$$$$$$$$$$$$$$$
2021-02-09 22:22:58 INFO  Logging:21 - ****************************************************************************************
2021-02-09 22:23:02 INFO  Logging:28 - XXXXXXXXXXXXXXXXXXXXXXX             -E---N---D-             XXXXXXXXXXXXXXXXXXXXXX
2021-02-09 22:23:09 INFO  Logging:15 - ****************************************************************************************
2021-02-09 22:23:09 INFO  Logging:18 - $$$$$$$$$$$$$$$$$$$$$      Starting loginTest      $$$$$$$$$$$$$$$$$$$$$$$$$
2021-02-09 22:23:09 INFO  Logging:21 - ****************************************************************************************
2021-02-09 22:23:14 INFO  Logging:28 - XXXXXXXXXXXXXXXXXXXXXXX             -E---N---D-             XXXXXXXXXXXXXXXXXXXXXX
2021-02-09 22:23:14 INFO  Logging:15 - ****************************************************************************************
2021-02-09 22:23:14 INFO  Logging:18 - $$$$$$$$$$$$$$$$$$$$$      Starting keywordLoginTest      $$$$$$$$$$$$$$$$$$$$$$$$$
2021-02-09 22:23:14 INFO  Logging:21 - ****************************************************************************************
2021-02-09 22:23:27 INFO  Logging:28 - XXXXXXXXXXXXXXXXXXXXXXX             -E---N---D-             XXXXXXXXXXXXXXXXXXXXXX
2021-02-09 22:23:33 INFO  Logging:15 - ****************************************************************************************
2021-02-09 22:23:33 INFO  Logging:18 - $$$$$$$$$$$$$$$$$$$$$      Starting verifyHomePageTitle      $$$$$$$$$$$$$$$$$$$$$$$$$
2021-02-09 22:23:33 INFO  Logging:21 - ****************************************************************************************
2021-02-09 22:23:33 INFO  Logging:28 - XXXXXXXXXXXXXXXXXXXXXXX             -E---N---D-             XXXXXXXXXXXXXXXXXXXXXX
2021-02-09 22:23:41 INFO  Logging:15 - ****************************************************************************************
2021-02-09 22:23:41 INFO  Logging:18 - $$$$$$$$$$$$$$$$$$$$$      Starting verifyLogoutPageTitleTest      $$$$$$$$$$$$$$$$$$$$$$$$$
2021-02-09 22:23:41 INFO  Logging:21 - ****************************************************************************************
2021-02-09 22:23:47 INFO  Logging:28 - XXXXXXXXXXXXXXXXXXXXXXX             -E---N---D-             XXXXXXXXXXXXXXXXXXXXXX
2021-02-09 22:31:15 INFO  Logging:15 - ****************************************************************************************
2021-02-09 22:31:15 INFO  Logging:18 - $$$$$$$$$$$$$$$$$$$$$      Starting verifyLandingPageTitleTest      $$$$$$$$$$$$$$$$$$$$$$$$$
2021-02-09 22:31:15 INFO  Logging:21 - ****************************************************************************************
2021-02-09 22:31:19 INFO  Logging:28 - XXXXXXXXXXXXXXXXXXXXXXX             -E---N---D-             XXXXXXXXXXXXXXXXXXXXXX
2021-02-09 22:31:25 INFO  Logging:15 - ****************************************************************************************
2021-02-09 22:31:25 INFO  Logging:18 - $$$$$$$$$$$$$$$$$$$$$      Starting loginTest      $$$$$$$$$$$$$$$$$$$$$$$$$
2021-02-09 22:31:25 INFO  Logging:21 - ****************************************************************************************
2021-02-09 22:31:28 INFO  Logging:28 - XXXXXXXXXXXXXXXXXXXXXXX             -E---N---D-             XXXXXXXXXXXXXXXXXXXXXX
2021-02-09 22:31:33 INFO  Logging:15 - ****************************************************************************************
2021-02-09 22:31:33 INFO  Logging:18 - $$$$$$$$$$$$$$$$$$$$$      Starting loginTest      $$$$$$$$$$$$$$$$$$$$$$$$$
2021-02-09 22:31:33 INFO  Logging:21 - ****************************************************************************************
2021-02-09 22:31:36 INFO  Logging:28 - XXXXXXXXXXXXXXXXXXXXXXX             -E---N---D-             XXXXXXXXXXXXXXXXXXXXXX
2021-02-09 22:31:37 INFO  Logging:15 - ****************************************************************************************
2021-02-09 22:31:37 INFO  Logging:18 - $$$$$$$$$$$$$$$$$$$$$      Starting keywordLoginTest      $$$$$$$$$$$$$$$$$$$$$$$$$
2021-02-09 22:31:37 INFO  Logging:21 - ****************************************************************************************
2021-02-09 22:31:48 INFO  Logging:28 - XXXXXXXXXXXXXXXXXXXXXXX             -E---N---D-             XXXXXXXXXXXXXXXXXXXXXX
2021-02-09 22:31:55 INFO  Logging:15 - ****************************************************************************************
2021-02-09 22:31:55 INFO  Logging:18 - $$$$$$$$$$$$$$$$$$$$$      Starting verifyHomePageTitle      $$$$$$$$$$$$$$$$$$$$$$$$$
2021-02-09 22:31:55 INFO  Logging:21 - ****************************************************************************************
2021-02-09 22:31:55 INFO  Logging:28 - XXXXXXXXXXXXXXXXXXXXXXX             -E---N---D-             XXXXXXXXXXXXXXXXXXXXXX
2021-02-09 22:32:03 INFO  Logging:15 - ****************************************************************************************
2021-02-09 22:32:03 INFO  Logging:18 - $$$$$$$$$$$$$$$$$$$$$      Starting verifyLogoutPageTitleTest      $$$$$$$$$$$$$$$$$$$$$$$$$
2021-02-09 22:32:03 INFO  Logging:21 - ****************************************************************************************
2021-02-09 22:32:09 INFO  Logging:28 - XXXXXXXXXXXXXXXXXXXXXXX             -E---N---D-             XXXXXXXXXXXXXXXXXXXXXX
2021-02-09 22:33:34 INFO  Logging:15 - ****************************************************************************************
2021-02-09 22:33:34 INFO  Logging:18 - $$$$$$$$$$$$$$$$$$$$$      Starting verifyLandingPageTitleTest      $$$$$$$$$$$$$$$$$$$$$$$$$
2021-02-09 22:33:34 INFO  Logging:21 - ****************************************************************************************
2021-02-09 22:33:38 INFO  Logging:28 - XXXXXXXXXXXXXXXXXXXXXXX             -E---N---D-             XXXXXXXXXXXXXXXXXXXXXX
2021-02-09 22:33:46 INFO  Logging:15 - ****************************************************************************************
2021-02-09 22:33:46 INFO  Logging:18 - $$$$$$$$$$$$$$$$$$$$$      Starting loginTest      $$$$$$$$$$$$$$$$$$$$$$$$$
2021-02-09 22:33:46 INFO  Logging:21 - ****************************************************************************************
2021-02-09 22:33:52 INFO  Logging:28 - XXXXXXXXXXXXXXXXXXXXXXX             -E---N---D-             XXXXXXXXXXXXXXXXXXXXXX
2021-02-09 22:33:58 INFO  Logging:15 - ****************************************************************************************
2021-02-09 22:33:58 INFO  Logging:18 - $$$$$$$$$$$$$$$$$$$$$      Starting loginTest      $$$$$$$$$$$$$$$$$$$$$$$$$
2021-02-09 22:33:58 INFO  Logging:21 - ****************************************************************************************
2021-02-09 22:34:03 INFO  Logging:28 - XXXXXXXXXXXXXXXXXXXXXXX             -E---N---D-             XXXXXXXXXXXXXXXXXXXXXX
2021-02-09 22:34:03 INFO  Logging:15 - ****************************************************************************************
2021-02-09 22:34:03 INFO  Logging:18 - $$$$$$$$$$$$$$$$$$$$$      Starting keywordLoginTest      $$$$$$$$$$$$$$$$$$$$$$$$$
2021-02-09 22:34:03 INFO  Logging:21 - ****************************************************************************************
2021-02-09 22:34:17 INFO  Logging:28 - XXXXXXXXXXXXXXXXXXXXXXX             -E---N---D-             XXXXXXXXXXXXXXXXXXXXXX
2021-02-09 22:34:36 INFO  Logging:15 - ****************************************************************************************
2021-02-09 22:34:36 INFO  Logging:18 - $$$$$$$$$$$$$$$$$$$$$      Starting verifyHomePageTitle      $$$$$$$$$$$$$$$$$$$$$$$$$
2021-02-09 22:34:36 INFO  Logging:21 - ****************************************************************************************
2021-02-09 22:34:36 INFO  Logging:28 - XXXXXXXXXXXXXXXXXXXXXXX             -E---N---D-             XXXXXXXXXXXXXXXXXXXXXX
2021-02-09 22:34:46 INFO  Logging:15 - ****************************************************************************************
2021-02-09 22:34:46 INFO  Logging:18 - $$$$$$$$$$$$$$$$$$$$$      Starting verifyLogoutPageTitleTest      $$$$$$$$$$$$$$$$$$$$$$$$$
2021-02-09 22:34:46 INFO  Logging:21 - ****************************************************************************************
2021-02-09 22:35:08 INFO  Logging:28 - XXXXXXXXXXXXXXXXXXXXXXX             -E---N---D-             XXXXXXXXXXXXXXXXXXXXXX
2021-02-10 18:27:09 INFO  Logging:15 - ****************************************************************************************
2021-02-10 18:27:09 INFO  Logging:18 - $$$$$$$$$$$$$$$$$$$$$      Starting verifyLandingPageTitleTest      $$$$$$$$$$$$$$$$$$$$$$$$$
2021-02-10 18:27:09 INFO  Logging:21 - ****************************************************************************************
2021-02-10 18:27:13 INFO  Logging:28 - XXXXXXXXXXXXXXXXXXXXXXX             -E---N---D-             XXXXXXXXXXXXXXXXXXXXXX
2021-02-10 18:27:21 INFO  Logging:15 - ****************************************************************************************
2021-02-10 18:27:21 INFO  Logging:18 - $$$$$$$$$$$$$$$$$$$$$      Starting loginTest      $$$$$$$$$$$$$$$$$$$$$$$$$
2021-02-10 18:27:21 INFO  Logging:21 - ****************************************************************************************
2021-02-10 18:27:26 INFO  Logging:28 - XXXXXXXXXXXXXXXXXXXXXXX             -E---N---D-             XXXXXXXXXXXXXXXXXXXXXX
2021-02-10 18:27:34 INFO  Logging:15 - ****************************************************************************************
2021-02-10 18:27:34 INFO  Logging:18 - $$$$$$$$$$$$$$$$$$$$$      Starting loginTest      $$$$$$$$$$$$$$$$$$$$$$$$$
2021-02-10 18:27:34 INFO  Logging:21 - ****************************************************************************************
2021-02-10 18:27:37 INFO  Logging:28 - XXXXXXXXXXXXXXXXXXXXXXX             -E---N---D-             XXXXXXXXXXXXXXXXXXXXXX
2021-02-10 18:27:37 INFO  Logging:15 - ****************************************************************************************
2021-02-10 18:27:37 INFO  Logging:18 - $$$$$$$$$$$$$$$$$$$$$      Starting keywordLoginTest      $$$$$$$$$$$$$$$$$$$$$$$$$
2021-02-10 18:27:37 INFO  Logging:21 - ****************************************************************************************
2021-02-10 18:27:45 INFO  Logging:28 - XXXXXXXXXXXXXXXXXXXXXXX             -E---N---D-             XXXXXXXXXXXXXXXXXXXXXX
2021-02-10 18:27:51 INFO  Logging:15 - ****************************************************************************************
2021-02-10 18:27:51 INFO  Logging:18 - $$$$$$$$$$$$$$$$$$$$$      Starting verifyHomePageTitle      $$$$$$$$$$$$$$$$$$$$$$$$$
2021-02-10 18:27:51 INFO  Logging:21 - ****************************************************************************************
2021-02-10 18:27:51 INFO  Logging:28 - XXXXXXXXXXXXXXXXXXXXXXX             -E---N---D-             XXXXXXXXXXXXXXXXXXXXXX
2021-02-10 18:27:57 INFO  Logging:15 - ****************************************************************************************
2021-02-10 18:27:57 INFO  Logging:18 - $$$$$$$$$$$$$$$$$$$$$      Starting verifyLogoutPageTitleTest      $$$$$$$$$$$$$$$$$$$$$$$$$
2021-02-10 18:27:57 INFO  Logging:21 - ****************************************************************************************
2021-02-10 18:28:01 INFO  Logging:28 - XXXXXXXXXXXXXXXXXXXXXXX             -E---N---D-             XXXXXXXXXXXXXXXXXXXXXX
2021-02-10 18:32:13 INFO  Logging:15 - ****************************************************************************************
2021-02-10 18:32:13 INFO  Logging:18 - $$$$$$$$$$$$$$$$$$$$$      Starting verifyLandingPageTitleTest      $$$$$$$$$$$$$$$$$$$$$$$$$
2021-02-10 18:32:13 INFO  Logging:21 - ****************************************************************************************
2021-02-10 18:32:15 INFO  Logging:28 - XXXXXXXXXXXXXXXXXXXXXXX             -E---N---D-             XXXXXXXXXXXXXXXXXXXXXX
2021-02-10 18:32:22 INFO  Logging:15 - ****************************************************************************************
2021-02-10 18:32:22 INFO  Logging:18 - $$$$$$$$$$$$$$$$$$$$$      Starting loginTest      $$$$$$$$$$$$$$$$$$$$$$$$$
2021-02-10 18:32:22 INFO  Logging:21 - ****************************************************************************************
2021-02-10 18:32:26 INFO  Logging:28 - XXXXXXXXXXXXXXXXXXXXXXX             -E---N---D-             XXXXXXXXXXXXXXXXXXXXXX
2021-02-10 18:32:33 INFO  Logging:15 - ****************************************************************************************
2021-02-10 18:32:33 INFO  Logging:18 - $$$$$$$$$$$$$$$$$$$$$      Starting loginTest      $$$$$$$$$$$$$$$$$$$$$$$$$
2021-02-10 18:32:33 INFO  Logging:21 - ****************************************************************************************
2021-02-10 18:32:36 INFO  Logging:28 - XXXXXXXXXXXXXXXXXXXXXXX             -E---N---D-             XXXXXXXXXXXXXXXXXXXXXX
2021-02-10 18:32:36 INFO  Logging:15 - ****************************************************************************************
2021-02-10 18:32:36 INFO  Logging:18 - $$$$$$$$$$$$$$$$$$$$$      Starting keywordLoginTest      $$$$$$$$$$$$$$$$$$$$$$$$$
2021-02-10 18:32:36 INFO  Logging:21 - ****************************************************************************************
2021-02-10 18:32:47 INFO  Logging:28 - XXXXXXXXXXXXXXXXXXXXXXX             -E---N---D-             XXXXXXXXXXXXXXXXXXXXXX
2021-02-10 18:32:53 INFO  Logging:15 - ****************************************************************************************
2021-02-10 18:32:53 INFO  Logging:18 - $$$$$$$$$$$$$$$$$$$$$      Starting verifyHomePageTitle      $$$$$$$$$$$$$$$$$$$$$$$$$
2021-02-10 18:32:53 INFO  Logging:21 - ****************************************************************************************
2021-02-10 18:32:53 INFO  Logging:28 - XXXXXXXXXXXXXXXXXXXXXXX             -E---N---D-             XXXXXXXXXXXXXXXXXXXXXX
2021-02-10 18:32:58 INFO  Logging:15 - ****************************************************************************************
2021-02-10 18:32:58 INFO  Logging:18 - $$$$$$$$$$$$$$$$$$$$$      Starting verifyLogoutPageTitleTest      $$$$$$$$$$$$$$$$$$$$$$$$$
2021-02-10 18:32:58 INFO  Logging:21 - ****************************************************************************************
2021-02-10 18:33:02 INFO  Logging:28 - XXXXXXXXXXXXXXXXXXXXXXX             -E---N---D-             XXXXXXXXXXXXXXXXXXXXXX
2021-02-10 18:37:52 INFO  Logging:15 - ****************************************************************************************
2021-02-10 18:37:52 INFO  Logging:18 - $$$$$$$$$$$$$$$$$$$$$      Starting verifyLandingPageTitleTest      $$$$$$$$$$$$$$$$$$$$$$$$$
2021-02-10 18:37:52 INFO  Logging:21 - ****************************************************************************************
2021-02-10 18:37:56 INFO  Logging:28 - XXXXXXXXXXXXXXXXXXXXXXX             -E---N---D-             XXXXXXXXXXXXXXXXXXXXXX
2021-02-10 18:38:02 INFO  Logging:15 - ****************************************************************************************
2021-02-10 18:38:02 INFO  Logging:18 - $$$$$$$$$$$$$$$$$$$$$      Starting loginTest      $$$$$$$$$$$$$$$$$$$$$$$$$
2021-02-10 18:38:02 INFO  Logging:21 - ****************************************************************************************
2021-02-10 18:38:07 INFO  Logging:28 - XXXXXXXXXXXXXXXXXXXXXXX             -E---N---D-             XXXXXXXXXXXXXXXXXXXXXX
2021-02-10 18:38:13 INFO  Logging:15 - ****************************************************************************************
2021-02-10 18:38:13 INFO  Logging:18 - $$$$$$$$$$$$$$$$$$$$$      Starting loginTest      $$$$$$$$$$$$$$$$$$$$$$$$$
2021-02-10 18:38:13 INFO  Logging:21 - ****************************************************************************************
2021-02-10 18:38:15 INFO  Logging:28 - XXXXXXXXXXXXXXXXXXXXXXX             -E---N---D-             XXXXXXXXXXXXXXXXXXXXXX
2021-02-10 18:38:15 INFO  Logging:15 - ****************************************************************************************
2021-02-10 18:38:15 INFO  Logging:18 - $$$$$$$$$$$$$$$$$$$$$      Starting keywordLoginTest      $$$$$$$$$$$$$$$$$$$$$$$$$
2021-02-10 18:38:15 INFO  Logging:21 - ****************************************************************************************
2021-02-10 18:38:23 INFO  Logging:28 - XXXXXXXXXXXXXXXXXXXXXXX             -E---N---D-             XXXXXXXXXXXXXXXXXXXXXX
2021-02-10 18:38:30 INFO  Logging:15 - ****************************************************************************************
2021-02-10 18:38:30 INFO  Logging:18 - $$$$$$$$$$$$$$$$$$$$$      Starting verifyHomePageTitle      $$$$$$$$$$$$$$$$$$$$$$$$$
2021-02-10 18:38:30 INFO  Logging:21 - ****************************************************************************************
2021-02-10 18:38:30 INFO  Logging:28 - XXXXXXXXXXXXXXXXXXXXXXX             -E---N---D-             XXXXXXXXXXXXXXXXXXXXXX
2021-02-10 18:38:36 INFO  Logging:15 - ****************************************************************************************
2021-02-10 18:38:36 INFO  Logging:18 - $$$$$$$$$$$$$$$$$$$$$      Starting verifyLogoutPageTitleTest      $$$$$$$$$$$$$$$$$$$$$$$$$
2021-02-10 18:38:36 INFO  Logging:21 - ****************************************************************************************
2021-02-10 18:38:40 INFO  Logging:28 - XXXXXXXXXXXXXXXXXXXXXXX             -E---N---D-             XXXXXXXXXXXXXXXXXXXXXX
2021-02-10 18:42:18 INFO  Logging:15 - ****************************************************************************************
2021-02-10 18:42:18 INFO  Logging:18 - $$$$$$$$$$$$$$$$$$$$$      Starting verifyLandingPageTitleTest      $$$$$$$$$$$$$$$$$$$$$$$$$
2021-02-10 18:42:18 INFO  Logging:21 - ****************************************************************************************
2021-02-10 18:42:24 INFO  Logging:28 - XXXXXXXXXXXXXXXXXXXXXXX             -E---N---D-             XXXXXXXXXXXXXXXXXXXXXX
2021-02-10 18:42:30 INFO  Logging:15 - ****************************************************************************************
2021-02-10 18:42:30 INFO  Logging:18 - $$$$$$$$$$$$$$$$$$$$$      Starting loginTest      $$$$$$$$$$$$$$$$$$$$$$$$$
2021-02-10 18:42:30 INFO  Logging:21 - ****************************************************************************************
2021-02-10 18:42:34 INFO  Logging:28 - XXXXXXXXXXXXXXXXXXXXXXX             -E---N---D-             XXXXXXXXXXXXXXXXXXXXXX
2021-02-10 18:42:39 INFO  Logging:15 - ****************************************************************************************
2021-02-10 18:42:39 INFO  Logging:18 - $$$$$$$$$$$$$$$$$$$$$      Starting loginTest      $$$$$$$$$$$$$$$$$$$$$$$$$
2021-02-10 18:42:39 INFO  Logging:21 - ****************************************************************************************
2021-02-10 18:42:43 INFO  Logging:28 - XXXXXXXXXXXXXXXXXXXXXXX             -E---N---D-             XXXXXXXXXXXXXXXXXXXXXX
2021-02-10 18:42:43 INFO  Logging:15 - ****************************************************************************************
2021-02-10 18:42:43 INFO  Logging:18 - $$$$$$$$$$$$$$$$$$$$$      Starting keywordLoginTest      $$$$$$$$$$$$$$$$$$$$$$$$$
2021-02-10 18:42:43 INFO  Logging:21 - ****************************************************************************************
2021-02-10 18:42:55 INFO  Logging:28 - XXXXXXXXXXXXXXXXXXXXXXX             -E---N---D-             XXXXXXXXXXXXXXXXXXXXXX
2021-02-10 18:43:01 INFO  Logging:15 - ****************************************************************************************
2021-02-10 18:43:01 INFO  Logging:18 - $$$$$$$$$$$$$$$$$$$$$      Starting verifyHomePageTitle      $$$$$$$$$$$$$$$$$$$$$$$$$
2021-02-10 18:43:01 INFO  Logging:21 - ****************************************************************************************
2021-02-10 18:43:01 INFO  Logging:28 - XXXXXXXXXXXXXXXXXXXXXXX             -E---N---D-             XXXXXXXXXXXXXXXXXXXXXX
2021-02-10 18:43:08 INFO  Logging:15 - ****************************************************************************************
2021-02-10 18:43:08 INFO  Logging:18 - $$$$$$$$$$$$$$$$$$$$$      Starting verifyLogoutPageTitleTest      $$$$$$$$$$$$$$$$$$$$$$$$$
2021-02-10 18:43:08 INFO  Logging:21 - ****************************************************************************************
2021-02-10 18:43:15 INFO  Logging:28 - XXXXXXXXXXXXXXXXXXXXXXX             -E---N---D-             XXXXXXXXXXXXXXXXXXXXXX
2021-02-10 18:45:56 INFO  Logging:15 - ****************************************************************************************
2021-02-10 18:45:56 INFO  Logging:18 - $$$$$$$$$$$$$$$$$$$$$      Starting verifyHomePageTitle      $$$$$$$$$$$$$$$$$$$$$$$$$
2021-02-10 18:45:56 INFO  Logging:21 - ****************************************************************************************
2021-02-10 18:45:56 INFO  Logging:28 - XXXXXXXXXXXXXXXXXXXXXXX             -E---N---D-             XXXXXXXXXXXXXXXXXXXXXX
2021-02-10 18:46:01 INFO  Logging:15 - ****************************************************************************************
2021-02-10 18:46:01 INFO  Logging:18 - $$$$$$$$$$$$$$$$$$$$$      Starting loginTest      $$$$$$$$$$$$$$$$$$$$$$$$$
2021-02-10 18:46:01 INFO  Logging:21 - ****************************************************************************************
2021-02-10 18:46:05 INFO  Logging:28 - XXXXXXXXXXXXXXXXXXXXXXX             -E---N---D-             XXXXXXXXXXXXXXXXXXXXXX
2021-02-10 18:46:10 INFO  Logging:15 - ****************************************************************************************
2021-02-10 18:46:10 INFO  Logging:18 - $$$$$$$$$$$$$$$$$$$$$      Starting loginTest      $$$$$$$$$$$$$$$$$$$$$$$$$
2021-02-10 18:46:10 INFO  Logging:21 - ****************************************************************************************
2021-02-10 18:46:13 INFO  Logging:28 - XXXXXXXXXXXXXXXXXXXXXXX             -E---N---D-             XXXXXXXXXXXXXXXXXXXXXX
2021-02-10 18:46:19 INFO  Logging:15 - ****************************************************************************************
2021-02-10 18:46:19 INFO  Logging:18 - $$$$$$$$$$$$$$$$$$$$$      Starting verifyLandingPageTitleTest      $$$$$$$$$$$$$$$$$$$$$$$$$
2021-02-10 18:46:19 INFO  Logging:21 - ****************************************************************************************
2021-02-10 18:46:25 INFO  Logging:28 - XXXXXXXXXXXXXXXXXXXXXXX             -E---N---D-             XXXXXXXXXXXXXXXXXXXXXX
2021-02-10 18:46:25 INFO  Logging:15 - ****************************************************************************************
2021-02-10 18:46:25 INFO  Logging:18 - $$$$$$$$$$$$$$$$$$$$$      Starting keywordLoginTest      $$$$$$$$$$$$$$$$$$$$$$$$$
2021-02-10 18:46:25 INFO  Logging:21 - ****************************************************************************************
2021-02-10 18:46:35 INFO  Logging:28 - XXXXXXXXXXXXXXXXXXXXXXX             -E---N---D-             XXXXXXXXXXXXXXXXXXXXXX
2021-02-10 18:46:42 INFO  Logging:15 - ****************************************************************************************
2021-02-10 18:46:42 INFO  Logging:18 - $$$$$$$$$$$$$$$$$$$$$      Starting verifyLogoutPageTitleTest      $$$$$$$$$$$$$$$$$$$$$$$$$
2021-02-10 18:46:42 INFO  Logging:21 - ****************************************************************************************
2021-02-10 18:46:47 INFO  Logging:28 - XXXXXXXXXXXXXXXXXXXXXXX             -E---N---D-             XXXXXXXXXXXXXXXXXXXXXX
2021-02-10 18:53:02 INFO  Logging:15 - ****************************************************************************************
2021-02-10 18:53:02 INFO  Logging:18 - $$$$$$$$$$$$$$$$$$$$$      Starting verifyLandingPageTitleTest      $$$$$$$$$$$$$$$$$$$$$$$$$
2021-02-10 18:53:02 INFO  Logging:21 - ****************************************************************************************
2021-02-10 18:53:05 INFO  Logging:28 - XXXXXXXXXXXXXXXXXXXXXXX             -E---N---D-             XXXXXXXXXXXXXXXXXXXXXX
2021-02-10 18:53:11 INFO  Logging:15 - ****************************************************************************************
2021-02-10 18:53:11 INFO  Logging:18 - $$$$$$$$$$$$$$$$$$$$$      Starting loginTest      $$$$$$$$$$$$$$$$$$$$$$$$$
2021-02-10 18:53:11 INFO  Logging:21 - ****************************************************************************************
2021-02-10 18:53:16 INFO  Logging:28 - XXXXXXXXXXXXXXXXXXXXXXX             -E---N---D-             XXXXXXXXXXXXXXXXXXXXXX
2021-02-10 18:53:22 INFO  Logging:15 - ****************************************************************************************
2021-02-10 18:53:22 INFO  Logging:18 - $$$$$$$$$$$$$$$$$$$$$      Starting loginTest      $$$$$$$$$$$$$$$$$$$$$$$$$
2021-02-10 18:53:22 INFO  Logging:21 - ****************************************************************************************
2021-02-10 18:53:26 INFO  Logging:28 - XXXXXXXXXXXXXXXXXXXXXXX             -E---N---D-             XXXXXXXXXXXXXXXXXXXXXX
2021-02-10 18:53:26 INFO  Logging:15 - ****************************************************************************************
2021-02-10 18:53:26 INFO  Logging:18 - $$$$$$$$$$$$$$$$$$$$$      Starting keywordLoginTest      $$$$$$$$$$$$$$$$$$$$$$$$$
2021-02-10 18:53:26 INFO  Logging:21 - ****************************************************************************************
2021-02-10 18:53:36 INFO  Logging:28 - XXXXXXXXXXXXXXXXXXXXXXX             -E---N---D-             XXXXXXXXXXXXXXXXXXXXXX
2021-02-10 18:53:41 INFO  Logging:15 - ****************************************************************************************
2021-02-10 18:53:41 INFO  Logging:18 - $$$$$$$$$$$$$$$$$$$$$      Starting verifyHomePageTitle      $$$$$$$$$$$$$$$$$$$$$$$$$
2021-02-10 18:53:41 INFO  Logging:21 - ****************************************************************************************
2021-02-10 18:53:41 INFO  Logging:28 - XXXXXXXXXXXXXXXXXXXXXXX             -E---N---D-             XXXXXXXXXXXXXXXXXXXXXX
2021-02-10 18:53:47 INFO  Logging:15 - ****************************************************************************************
2021-02-10 18:53:47 INFO  Logging:18 - $$$$$$$$$$$$$$$$$$$$$      Starting verifyLogoutPageTitleTest      $$$$$$$$$$$$$$$$$$$$$$$$$
2021-02-10 18:53:47 INFO  Logging:21 - ****************************************************************************************
2021-02-10 18:53:53 INFO  Logging:28 - XXXXXXXXXXXXXXXXXXXXXXX             -E---N---D-             XXXXXXXXXXXXXXXXXXXXXX
2021-02-10 22:11:21 INFO  Logging:15 - ****************************************************************************************
2021-02-10 22:11:21 INFO  Logging:18 - $$$$$$$$$$$$$$$$$$$$$      Starting verifyLandingPageTitleTest      $$$$$$$$$$$$$$$$$$$$$$$$$
2021-02-10 22:11:21 INFO  Logging:21 - ****************************************************************************************
2021-02-10 22:11:27 INFO  Logging:28 - XXXXXXXXXXXXXXXXXXXXXXX             -E---N---D-             XXXXXXXXXXXXXXXXXXXXXX
2021-02-10 22:11:39 INFO  Logging:15 - ****************************************************************************************
2021-02-10 22:11:39 INFO  Logging:18 - $$$$$$$$$$$$$$$$$$$$$      Starting loginTest      $$$$$$$$$$$$$$$$$$$$$$$$$
2021-02-10 22:11:39 INFO  Logging:21 - ****************************************************************************************
2021-02-10 22:11:42 INFO  Logging:28 - XXXXXXXXXXXXXXXXXXXXXXX             -E---N---D-             XXXXXXXXXXXXXXXXXXXXXX
2021-02-10 22:11:47 INFO  Logging:15 - ****************************************************************************************
2021-02-10 22:11:47 INFO  Logging:18 - $$$$$$$$$$$$$$$$$$$$$      Starting loginTest      $$$$$$$$$$$$$$$$$$$$$$$$$
2021-02-10 22:11:47 INFO  Logging:21 - ****************************************************************************************
2021-02-10 22:11:50 INFO  Logging:28 - XXXXXXXXXXXXXXXXXXXXXXX             -E---N---D-             XXXXXXXXXXXXXXXXXXXXXX
2021-02-10 22:11:51 INFO  Logging:15 - ****************************************************************************************
2021-02-10 22:11:51 INFO  Logging:18 - $$$$$$$$$$$$$$$$$$$$$      Starting keywordLoginTest      $$$$$$$$$$$$$$$$$$$$$$$$$
2021-02-10 22:11:51 INFO  Logging:21 - ****************************************************************************************
2021-02-10 22:12:02 INFO  Logging:28 - XXXXXXXXXXXXXXXXXXXXXXX             -E---N---D-             XXXXXXXXXXXXXXXXXXXXXX
2021-02-10 22:12:07 INFO  Logging:15 - ****************************************************************************************
2021-02-10 22:12:07 INFO  Logging:18 - $$$$$$$$$$$$$$$$$$$$$      Starting verifyHomePageTitle      $$$$$$$$$$$$$$$$$$$$$$$$$
2021-02-10 22:12:07 INFO  Logging:21 - ****************************************************************************************
2021-02-10 22:12:07 INFO  Logging:28 - XXXXXXXXXXXXXXXXXXXXXXX             -E---N---D-             XXXXXXXXXXXXXXXXXXXXXX
2021-02-10 22:12:13 INFO  Logging:15 - ****************************************************************************************
2021-02-10 22:12:13 INFO  Logging:18 - $$$$$$$$$$$$$$$$$$$$$      Starting verifyLogoutPageTitleTest      $$$$$$$$$$$$$$$$$$$$$$$$$
2021-02-10 22:12:13 INFO  Logging:21 - ****************************************************************************************
2021-02-10 22:12:18 INFO  Logging:28 - XXXXXXXXXXXXXXXXXXXXXXX             -E---N---D-             XXXXXXXXXXXXXXXXXXXXXX
2021-02-10 22:29:56 INFO  Logging:15 - ****************************************************************************************
2021-02-10 22:29:56 INFO  Logging:18 - $$$$$$$$$$$$$$$$$$$$$      Starting verifyLandingPageTitleTest      $$$$$$$$$$$$$$$$$$$$$$$$$
2021-02-10 22:29:56 INFO  Logging:21 - ****************************************************************************************
2021-02-10 22:30:00 INFO  Logging:28 - XXXXXXXXXXXXXXXXXXXXXXX             -E---N---D-             XXXXXXXXXXXXXXXXXXXXXX
2021-02-10 22:30:06 INFO  Logging:15 - ****************************************************************************************
2021-02-10 22:30:06 INFO  Logging:18 - $$$$$$$$$$$$$$$$$$$$$      Starting verifyLogoutPageTitleTest      $$$$$$$$$$$$$$$$$$$$$$$$$
2021-02-10 22:30:06 INFO  Logging:21 - ****************************************************************************************
2021-02-10 22:30:12 INFO  Logging:28 - XXXXXXXXXXXXXXXXXXXXXXX             -E---N---D-             XXXXXXXXXXXXXXXXXXXXXX
2021-02-10 22:30:42 INFO  Logging:15 - ****************************************************************************************
2021-02-10 22:30:42 INFO  Logging:18 - $$$$$$$$$$$$$$$$$$$$$      Starting verifyHomePageTitle      $$$$$$$$$$$$$$$$$$$$$$$$$
2021-02-10 22:30:42 INFO  Logging:21 - ****************************************************************************************
2021-02-10 22:30:42 INFO  Logging:28 - XXXXXXXXXXXXXXXXXXXXXXX             -E---N---D-             XXXXXXXXXXXXXXXXXXXXXX
2021-02-10 22:36:16 INFO  Logging:15 - ****************************************************************************************
2021-02-10 22:36:16 INFO  Logging:18 - $$$$$$$$$$$$$$$$$$$$$      Starting verifyLandingPageTitleTest      $$$$$$$$$$$$$$$$$$$$$$$$$
2021-02-10 22:36:16 INFO  Logging:21 - ****************************************************************************************
2021-02-10 22:36:23 INFO  Logging:28 - XXXXXXXXXXXXXXXXXXXXXXX             -E---N---D-             XXXXXXXXXXXXXXXXXXXXXX
2021-02-10 22:36:28 INFO  Logging:15 - ****************************************************************************************
2021-02-10 22:36:28 INFO  Logging:18 - $$$$$$$$$$$$$$$$$$$$$      Starting loginTest      $$$$$$$$$$$$$$$$$$$$$$$$$
2021-02-10 22:36:28 INFO  Logging:21 - ****************************************************************************************
2021-02-10 22:36:33 INFO  Logging:28 - XXXXXXXXXXXXXXXXXXXXXXX             -E---N---D-             XXXXXXXXXXXXXXXXXXXXXX
2021-02-10 22:36:39 INFO  Logging:15 - ****************************************************************************************
2021-02-10 22:36:39 INFO  Logging:18 - $$$$$$$$$$$$$$$$$$$$$      Starting loginTest      $$$$$$$$$$$$$$$$$$$$$$$$$
2021-02-10 22:36:39 INFO  Logging:21 - ****************************************************************************************
2021-02-10 22:36:42 INFO  Logging:28 - XXXXXXXXXXXXXXXXXXXXXXX             -E---N---D-             XXXXXXXXXXXXXXXXXXXXXX
2021-02-10 22:36:42 INFO  Logging:15 - ****************************************************************************************
2021-02-10 22:36:42 INFO  Logging:18 - $$$$$$$$$$$$$$$$$$$$$      Starting keywordLoginTest      $$$$$$$$$$$$$$$$$$$$$$$$$
2021-02-10 22:36:42 INFO  Logging:21 - ****************************************************************************************
2021-02-10 22:36:57 INFO  Logging:28 - XXXXXXXXXXXXXXXXXXXXXXX             -E---N---D-             XXXXXXXXXXXXXXXXXXXXXX
2021-02-10 22:37:04 INFO  Logging:15 - ****************************************************************************************
2021-02-10 22:37:04 INFO  Logging:18 - $$$$$$$$$$$$$$$$$$$$$      Starting verifyHomePageTitle      $$$$$$$$$$$$$$$$$$$$$$$$$
2021-02-10 22:37:04 INFO  Logging:21 - ****************************************************************************************
2021-02-10 22:37:04 INFO  Logging:28 - XXXXXXXXXXXXXXXXXXXXXXX             -E---N---D-             XXXXXXXXXXXXXXXXXXXXXX
2021-02-10 22:37:12 INFO  Logging:15 - ****************************************************************************************
2021-02-10 22:37:12 INFO  Logging:18 - $$$$$$$$$$$$$$$$$$$$$      Starting verifyLogoutPageTitleTest      $$$$$$$$$$$$$$$$$$$$$$$$$
2021-02-10 22:37:12 INFO  Logging:21 - ****************************************************************************************
2021-02-10 22:37:18 INFO  Logging:28 - XXXXXXXXXXXXXXXXXXXXXXX             -E---N---D-             XXXXXXXXXXXXXXXXXXXXXX
2021-02-11 10:56:16 INFO  Logging:15 - ****************************************************************************************
2021-02-11 10:56:16 INFO  Logging:18 - $$$$$$$$$$$$$$$$$$$$$      Starting verifyLandingPageTitleTest      $$$$$$$$$$$$$$$$$$$$$$$$$
2021-02-11 10:56:16 INFO  Logging:21 - ****************************************************************************************
2021-02-11 10:57:10 INFO  Logging:28 - XXXXXXXXXXXXXXXXXXXXXXX             -E---N---D-             XXXXXXXXXXXXXXXXXXXXXX
2021-02-11 10:58:21 INFO  Logging:15 - ****************************************************************************************
2021-02-11 10:58:21 INFO  Logging:18 - $$$$$$$$$$$$$$$$$$$$$      Starting loginTest      $$$$$$$$$$$$$$$$$$$$$$$$$
2021-02-11 10:58:21 INFO  Logging:21 - ****************************************************************************************
2021-02-11 10:58:56 INFO  Logging:28 - XXXXXXXXXXXXXXXXXXXXXXX             -E---N---D-             XXXXXXXXXXXXXXXXXXXXXX
2021-02-11 10:59:21 INFO  Logging:15 - ****************************************************************************************
2021-02-11 10:59:21 INFO  Logging:18 - $$$$$$$$$$$$$$$$$$$$$      Starting loginTest      $$$$$$$$$$$$$$$$$$$$$$$$$
2021-02-11 10:59:21 INFO  Logging:21 - ****************************************************************************************
2021-02-11 10:59:21 INFO  Logging:15 - ****************************************************************************************
2021-02-11 10:59:21 INFO  Logging:18 - $$$$$$$$$$$$$$$$$$$$$      Starting keywordLoginTest      $$$$$$$$$$$$$$$$$$$$$$$$$
2021-02-11 10:59:21 INFO  Logging:21 - ****************************************************************************************
2021-02-11 11:00:29 INFO  Logging:15 - ****************************************************************************************
2021-02-11 11:00:29 INFO  Logging:18 - $$$$$$$$$$$$$$$$$$$$$      Starting verifyHomePageTitle      $$$$$$$$$$$$$$$$$$$$$$$$$
2021-02-11 11:00:29 INFO  Logging:21 - ****************************************************************************************
2021-02-11 11:00:29 INFO  Logging:28 - XXXXXXXXXXXXXXXXXXXXXXX             -E---N---D-             XXXXXXXXXXXXXXXXXXXXXX
2021-02-11 11:00:46 INFO  Logging:15 - ****************************************************************************************
2021-02-11 11:00:46 INFO  Logging:18 - $$$$$$$$$$$$$$$$$$$$$      Starting verifyLogoutPageTitleTest      $$$$$$$$$$$$$$$$$$$$$$$$$
2021-02-11 11:00:46 INFO  Logging:21 - ****************************************************************************************
2021-02-11 11:01:24 INFO  Logging:28 - XXXXXXXXXXXXXXXXXXXXXXX             -E---N---D-             XXXXXXXXXXXXXXXXXXXXXX
2021-02-11 11:22:43 INFO  Logging:15 - ****************************************************************************************
2021-02-11 11:22:43 INFO  Logging:18 - $$$$$$$$$$$$$$$$$$$$$      Starting verifyLandingPageTitleTest      $$$$$$$$$$$$$$$$$$$$$$$$$
2021-02-11 11:22:43 INFO  Logging:21 - ****************************************************************************************
2021-02-11 11:23:02 INFO  Logging:15 - ****************************************************************************************
2021-02-11 11:23:02 INFO  Logging:18 - $$$$$$$$$$$$$$$$$$$$$      Starting loginTest      $$$$$$$$$$$$$$$$$$$$$$$$$
2021-02-11 11:23:02 INFO  Logging:21 - ****************************************************************************************
2021-02-11 11:23:40 INFO  Logging:15 - ****************************************************************************************
2021-02-11 11:23:40 INFO  Logging:18 - $$$$$$$$$$$$$$$$$$$$$      Starting loginTest      $$$$$$$$$$$$$$$$$$$$$$$$$
2021-02-11 11:23:40 INFO  Logging:21 - ****************************************************************************************
2021-02-11 11:23:40 INFO  Logging:15 - ****************************************************************************************
2021-02-11 11:23:40 INFO  Logging:18 - $$$$$$$$$$$$$$$$$$$$$      Starting keywordLoginTest      $$$$$$$$$$$$$$$$$$$$$$$$$
2021-02-11 11:23:40 INFO  Logging:21 - ****************************************************************************************
2021-02-11 11:24:22 INFO  Logging:28 - XXXXXXXXXXXXXXXXXXXXXXX             -E---N---D-             XXXXXXXXXXXXXXXXXXXXXX
2021-02-11 11:24:29 INFO  Logging:15 - ****************************************************************************************
2021-02-11 11:24:29 INFO  Logging:18 - $$$$$$$$$$$$$$$$$$$$$      Starting verifyHomePageTitle      $$$$$$$$$$$$$$$$$$$$$$$$$
2021-02-11 11:24:29 INFO  Logging:21 - ****************************************************************************************
2021-02-11 11:26:13 INFO  Logging:15 - ****************************************************************************************
2021-02-11 11:26:13 INFO  Logging:18 - $$$$$$$$$$$$$$$$$$$$$      Starting verifyLogoutPageTitleTest      $$$$$$$$$$$$$$$$$$$$$$$$$
2021-02-11 11:26:13 INFO  Logging:21 - ****************************************************************************************
2021-02-11 14:22:39 INFO  Logging:15 - ****************************************************************************************
2021-02-11 14:22:39 INFO  Logging:18 - $$$$$$$$$$$$$$$$$$$$$      Starting verifyHomePageTitle      $$$$$$$$$$$$$$$$$$$$$$$$$
2021-02-11 14:22:39 INFO  Logging:21 - ****************************************************************************************
2021-02-12 11:25:08 INFO  Logging:15 - ****************************************************************************************
2021-02-12 11:25:08 INFO  Logging:18 - $$$$$$$$$$$$$$$$$$$$$      Starting verifyLandingPageTitleTest      $$$$$$$$$$$$$$$$$$$$$$$$$
2021-02-12 11:25:08 INFO  Logging:21 - ****************************************************************************************
2021-02-12 11:25:18 INFO  Logging:28 - XXXXXXXXXXXXXXXXXXXXXXX             -E---N---D-             XXXXXXXXXXXXXXXXXXXXXX
2021-02-12 11:25:30 INFO  Logging:15 - ****************************************************************************************
2021-02-12 11:25:30 INFO  Logging:18 - $$$$$$$$$$$$$$$$$$$$$      Starting verifyLogoutPageTitleTest      $$$$$$$$$$$$$$$$$$$$$$$$$
2021-02-12 11:25:30 INFO  Logging:21 - ****************************************************************************************
2021-02-12 11:25:51 INFO  Logging:28 - XXXXXXXXXXXXXXXXXXXXXXX             -E---N---D-             XXXXXXXXXXXXXXXXXXXXXX
2021-02-12 11:31:32 INFO  Logging:15 - ****************************************************************************************
2021-02-12 11:31:32 INFO  Logging:18 - $$$$$$$$$$$$$$$$$$$$$      Starting verifyLandingPageTitleTest      $$$$$$$$$$$$$$$$$$$$$$$$$
2021-02-12 11:31:32 INFO  Logging:21 - ****************************************************************************************
2021-02-12 11:31:37 INFO  Logging:28 - XXXXXXXXXXXXXXXXXXXXXXX             -E---N---D-             XXXXXXXXXXXXXXXXXXXXXX
2021-02-12 11:31:43 INFO  Logging:15 - ****************************************************************************************
2021-02-12 11:31:43 INFO  Logging:18 - $$$$$$$$$$$$$$$$$$$$$      Starting loginTest      $$$$$$$$$$$$$$$$$$$$$$$$$
2021-02-12 11:31:43 INFO  Logging:21 - ****************************************************************************************
2021-02-12 11:31:50 INFO  Logging:28 - XXXXXXXXXXXXXXXXXXXXXXX             -E---N---D-             XXXXXXXXXXXXXXXXXXXXXX
2021-02-12 11:31:57 INFO  Logging:15 - ****************************************************************************************
2021-02-12 11:31:57 INFO  Logging:18 - $$$$$$$$$$$$$$$$$$$$$      Starting loginTest      $$$$$$$$$$$$$$$$$$$$$$$$$
2021-02-12 11:31:57 INFO  Logging:21 - ****************************************************************************************
2021-02-12 11:32:00 INFO  Logging:28 - XXXXXXXXXXXXXXXXXXXXXXX             -E---N---D-             XXXXXXXXXXXXXXXXXXXXXX
2021-02-12 11:32:01 INFO  Logging:15 - ****************************************************************************************
2021-02-12 11:32:01 INFO  Logging:18 - $$$$$$$$$$$$$$$$$$$$$      Starting keywordLoginTest      $$$$$$$$$$$$$$$$$$$$$$$$$
2021-02-12 11:32:01 INFO  Logging:21 - ****************************************************************************************
2021-02-12 11:32:12 INFO  Logging:28 - XXXXXXXXXXXXXXXXXXXXXXX             -E---N---D-             XXXXXXXXXXXXXXXXXXXXXX
2021-02-12 11:32:21 INFO  Logging:15 - ****************************************************************************************
2021-02-12 11:32:21 INFO  Logging:18 - $$$$$$$$$$$$$$$$$$$$$      Starting verifyHomePageTitle      $$$$$$$$$$$$$$$$$$$$$$$$$
2021-02-12 11:32:21 INFO  Logging:21 - ****************************************************************************************
2021-02-12 11:32:21 INFO  Logging:28 - XXXXXXXXXXXXXXXXXXXXXXX             -E---N---D-             XXXXXXXXXXXXXXXXXXXXXX
2021-02-12 11:32:30 INFO  Logging:15 - ****************************************************************************************
2021-02-12 11:32:30 INFO  Logging:18 - $$$$$$$$$$$$$$$$$$$$$      Starting verifyLogoutPageTitleTest      $$$$$$$$$$$$$$$$$$$$$$$$$
2021-02-12 11:32:30 INFO  Logging:21 - ****************************************************************************************
2021-02-12 11:32:57 INFO  Logging:28 - XXXXXXXXXXXXXXXXXXXXXXX             -E---N---D-             XXXXXXXXXXXXXXXXXXXXXX
2021-02-12 11:42:35 INFO  Logging:15 - ****************************************************************************************
2021-02-12 11:42:35 INFO  Logging:18 - $$$$$$$$$$$$$$$$$$$$$      Starting verifyLandingPageTitleTest      $$$$$$$$$$$$$$$$$$$$$$$$$
2021-02-12 11:42:35 INFO  Logging:21 - ****************************************************************************************
2021-02-12 11:42:39 INFO  Logging:28 - XXXXXXXXXXXXXXXXXXXXXXX             -E---N---D-             XXXXXXXXXXXXXXXXXXXXXX
2021-02-12 11:42:48 INFO  Logging:15 - ****************************************************************************************
2021-02-12 11:42:48 INFO  Logging:18 - $$$$$$$$$$$$$$$$$$$$$      Starting loginTest      $$$$$$$$$$$$$$$$$$$$$$$$$
2021-02-12 11:42:48 INFO  Logging:21 - ****************************************************************************************
2021-02-12 11:42:51 INFO  Logging:28 - XXXXXXXXXXXXXXXXXXXXXXX             -E---N---D-             XXXXXXXXXXXXXXXXXXXXXX
2021-02-12 11:42:56 INFO  Logging:15 - ****************************************************************************************
2021-02-12 11:42:56 INFO  Logging:18 - $$$$$$$$$$$$$$$$$$$$$      Starting loginTest      $$$$$$$$$$$$$$$$$$$$$$$$$
2021-02-12 11:42:56 INFO  Logging:21 - ****************************************************************************************
2021-02-12 11:42:59 INFO  Logging:28 - XXXXXXXXXXXXXXXXXXXXXXX             -E---N---D-             XXXXXXXXXXXXXXXXXXXXXX
2021-02-12 11:42:59 INFO  Logging:15 - ****************************************************************************************
2021-02-12 11:42:59 INFO  Logging:18 - $$$$$$$$$$$$$$$$$$$$$      Starting keywordLoginTest      $$$$$$$$$$$$$$$$$$$$$$$$$
2021-02-12 11:42:59 INFO  Logging:21 - ****************************************************************************************
2021-02-12 11:43:09 INFO  Logging:28 - XXXXXXXXXXXXXXXXXXXXXXX             -E---N---D-             XXXXXXXXXXXXXXXXXXXXXX
2021-02-12 11:43:15 INFO  Logging:15 - ****************************************************************************************
2021-02-12 11:43:15 INFO  Logging:18 - $$$$$$$$$$$$$$$$$$$$$      Starting verifyHomePageTitle      $$$$$$$$$$$$$$$$$$$$$$$$$
2021-02-12 11:43:15 INFO  Logging:21 - ****************************************************************************************
2021-02-12 11:43:15 INFO  Logging:28 - XXXXXXXXXXXXXXXXXXXXXXX             -E---N---D-             XXXXXXXXXXXXXXXXXXXXXX
2021-02-12 11:43:21 INFO  Logging:15 - ****************************************************************************************
2021-02-12 11:43:21 INFO  Logging:18 - $$$$$$$$$$$$$$$$$$$$$      Starting verifyLogoutPageTitleTest      $$$$$$$$$$$$$$$$$$$$$$$$$
2021-02-12 11:43:21 INFO  Logging:21 - ****************************************************************************************
2021-02-12 11:43:34 INFO  Logging:28 - XXXXXXXXXXXXXXXXXXXXXXX             -E---N---D-             XXXXXXXXXXXXXXXXXXXXXX
2021-02-12 11:50:20 INFO  Logging:15 - ****************************************************************************************
2021-02-12 11:50:20 INFO  Logging:18 - $$$$$$$$$$$$$$$$$$$$$      Starting verifyLandingPageTitleTest      $$$$$$$$$$$$$$$$$$$$$$$$$
2021-02-12 11:50:20 INFO  Logging:21 - ****************************************************************************************
2021-02-12 11:50:25 INFO  Logging:28 - XXXXXXXXXXXXXXXXXXXXXXX             -E---N---D-             XXXXXXXXXXXXXXXXXXXXXX
2021-02-12 11:50:32 INFO  Logging:15 - ****************************************************************************************
2021-02-12 11:50:32 INFO  Logging:18 - $$$$$$$$$$$$$$$$$$$$$      Starting loginTest      $$$$$$$$$$$$$$$$$$$$$$$$$
2021-02-12 11:50:32 INFO  Logging:21 - ****************************************************************************************
2021-02-12 11:50:37 INFO  Logging:28 - XXXXXXXXXXXXXXXXXXXXXXX             -E---N---D-             XXXXXXXXXXXXXXXXXXXXXX
2021-02-12 11:50:43 INFO  Logging:15 - ****************************************************************************************
2021-02-12 11:50:43 INFO  Logging:18 - $$$$$$$$$$$$$$$$$$$$$      Starting loginTest      $$$$$$$$$$$$$$$$$$$$$$$$$
2021-02-12 11:50:43 INFO  Logging:21 - ****************************************************************************************
2021-02-12 11:50:46 INFO  Logging:28 - XXXXXXXXXXXXXXXXXXXXXXX             -E---N---D-             XXXXXXXXXXXXXXXXXXXXXX
2021-02-12 11:50:46 INFO  Logging:15 - ****************************************************************************************
2021-02-12 11:50:46 INFO  Logging:18 - $$$$$$$$$$$$$$$$$$$$$      Starting keywordLoginTest      $$$$$$$$$$$$$$$$$$$$$$$$$
2021-02-12 11:50:46 INFO  Logging:21 - ****************************************************************************************
2021-02-12 11:50:55 INFO  Logging:28 - XXXXXXXXXXXXXXXXXXXXXXX             -E---N---D-             XXXXXXXXXXXXXXXXXXXXXX
2021-02-12 11:51:00 INFO  Logging:15 - ****************************************************************************************
2021-02-12 11:51:00 INFO  Logging:18 - $$$$$$$$$$$$$$$$$$$$$      Starting verifyHomePageTitle      $$$$$$$$$$$$$$$$$$$$$$$$$
2021-02-12 11:51:00 INFO  Logging:21 - ****************************************************************************************
2021-02-12 11:51:00 INFO  Logging:28 - XXXXXXXXXXXXXXXXXXXXXXX             -E---N---D-             XXXXXXXXXXXXXXXXXXXXXX
2021-02-12 11:51:05 INFO  Logging:15 - ****************************************************************************************
2021-02-12 11:51:05 INFO  Logging:18 - $$$$$$$$$$$$$$$$$$$$$      Starting verifyLogoutPageTitleTest      $$$$$$$$$$$$$$$$$$$$$$$$$
2021-02-12 11:51:05 INFO  Logging:21 - ****************************************************************************************
2021-02-12 11:51:19 INFO  Logging:28 - XXXXXXXXXXXXXXXXXXXXXXX             -E---N---D-             XXXXXXXXXXXXXXXXXXXXXX
2021-02-12 12:34:54 INFO  Logging:15 - ****************************************************************************************
2021-02-12 12:34:54 INFO  Logging:18 - $$$$$$$$$$$$$$$$$$$$$      Starting verifyLandingPageTitleTest      $$$$$$$$$$$$$$$$$$$$$$$$$
2021-02-12 12:34:54 INFO  Logging:21 - ****************************************************************************************
2021-02-12 12:34:57 INFO  Logging:28 - XXXXXXXXXXXXXXXXXXXXXXX             -E---N---D-             XXXXXXXXXXXXXXXXXXXXXX
2021-02-12 12:35:03 INFO  Logging:15 - ****************************************************************************************
2021-02-12 12:35:03 INFO  Logging:18 - $$$$$$$$$$$$$$$$$$$$$      Starting loginTest      $$$$$$$$$$$$$$$$$$$$$$$$$
2021-02-12 12:35:03 INFO  Logging:21 - ****************************************************************************************
2021-02-12 12:35:08 INFO  Logging:28 - XXXXXXXXXXXXXXXXXXXXXXX             -E---N---D-             XXXXXXXXXXXXXXXXXXXXXX
2021-02-12 12:35:15 INFO  Logging:15 - ****************************************************************************************
2021-02-12 12:35:15 INFO  Logging:18 - $$$$$$$$$$$$$$$$$$$$$      Starting loginTest      $$$$$$$$$$$$$$$$$$$$$$$$$
2021-02-12 12:35:15 INFO  Logging:21 - ****************************************************************************************
2021-02-12 12:35:18 INFO  Logging:28 - XXXXXXXXXXXXXXXXXXXXXXX             -E---N---D-             XXXXXXXXXXXXXXXXXXXXXX
2021-02-12 12:35:18 INFO  Logging:15 - ****************************************************************************************
2021-02-12 12:35:18 INFO  Logging:18 - $$$$$$$$$$$$$$$$$$$$$      Starting keywordLoginTest      $$$$$$$$$$$$$$$$$$$$$$$$$
2021-02-12 12:35:18 INFO  Logging:21 - ****************************************************************************************
2021-02-12 12:35:27 INFO  Logging:28 - XXXXXXXXXXXXXXXXXXXXXXX             -E---N---D-             XXXXXXXXXXXXXXXXXXXXXX
2021-02-12 12:35:33 INFO  Logging:15 - ****************************************************************************************
2021-02-12 12:35:33 INFO  Logging:18 - $$$$$$$$$$$$$$$$$$$$$      Starting verifyHomePageTitle      $$$$$$$$$$$$$$$$$$$$$$$$$
2021-02-12 12:35:33 INFO  Logging:21 - ****************************************************************************************
2021-02-12 12:35:33 INFO  Logging:28 - XXXXXXXXXXXXXXXXXXXXXXX             -E---N---D-             XXXXXXXXXXXXXXXXXXXXXX
2021-02-12 12:35:40 INFO  Logging:15 - ****************************************************************************************
2021-02-12 12:35:40 INFO  Logging:18 - $$$$$$$$$$$$$$$$$$$$$      Starting verifyLogoutPageTitleTest      $$$$$$$$$$$$$$$$$$$$$$$$$
2021-02-12 12:35:40 INFO  Logging:21 - ****************************************************************************************
2021-02-12 12:35:46 INFO  Logging:28 - XXXXXXXXXXXXXXXXXXXXXXX             -E---N---D-             XXXXXXXXXXXXXXXXXXXXXX
2021-02-14 20:20:11 INFO  Logging:15 - ****************************************************************************************
2021-02-14 20:20:11 INFO  Logging:18 - $$$$$$$$$$$$$$$$$$$$$      Starting keywordLoginTest      $$$$$$$$$$$$$$$$$$$$$$$$$
2021-02-14 20:20:11 INFO  Logging:21 - ****************************************************************************************
2021-02-14 20:20:11 INFO  Logging:28 - XXXXXXXXXXXXXXXXXXXXXXX             -E---N---D-             XXXXXXXXXXXXXXXXXXXXXX
2021-02-14 21:58:38 INFO  Logging:15 - ****************************************************************************************
2021-02-14 21:58:38 INFO  Logging:18 - $$$$$$$$$$$$$$$$$$$$$      Starting verifyLandingPageTitleTest      $$$$$$$$$$$$$$$$$$$$$$$$$
2021-02-14 21:58:38 INFO  Logging:21 - ****************************************************************************************
2021-02-14 21:58:56 INFO  Logging:15 - ****************************************************************************************
2021-02-14 21:58:56 INFO  Logging:18 - $$$$$$$$$$$$$$$$$$$$$      Starting keywordLoginTest      $$$$$$$$$$$$$$$$$$$$$$$$$
2021-02-14 21:58:56 INFO  Logging:21 - ****************************************************************************************
2021-02-14 22:06:22 INFO  Logging:15 - ****************************************************************************************
2021-02-14 22:06:22 INFO  Logging:18 - $$$$$$$$$$$$$$$$$$$$$      Starting verifyLandingPageTitleTest      $$$$$$$$$$$$$$$$$$$$$$$$$
2021-02-14 22:06:22 INFO  Logging:21 - ****************************************************************************************
2021-02-14 22:06:47 INFO  Logging:28 - XXXXXXXXXXXXXXXXXXXXXXX             -E---N---D-             XXXXXXXXXXXXXXXXXXXXXX
2021-02-14 22:06:47 INFO  Logging:15 - ****************************************************************************************
2021-02-14 22:06:47 INFO  Logging:18 - $$$$$$$$$$$$$$$$$$$$$      Starting keywordLoginTest      $$$$$$$$$$$$$$$$$$$$$$$$$
2021-02-14 22:06:47 INFO  Logging:21 - ****************************************************************************************
2021-02-14 22:07:26 INFO  Logging:28 - XXXXXXXXXXXXXXXXXXXXXXX             -E---N---D-             XXXXXXXXXXXXXXXXXXXXXX
2021-02-14 22:07:55 INFO  Logging:15 - ****************************************************************************************
2021-02-14 22:07:55 INFO  Logging:18 - $$$$$$$$$$$$$$$$$$$$$      Starting verifyHomePageTitle      $$$$$$$$$$$$$$$$$$$$$$$$$
2021-02-14 22:07:55 INFO  Logging:21 - ****************************************************************************************
2021-02-14 22:07:55 INFO  Logging:28 - XXXXXXXXXXXXXXXXXXXXXXX             -E---N---D-             XXXXXXXXXXXXXXXXXXXXXX
2021-02-14 22:08:13 INFO  Logging:15 - ****************************************************************************************
2021-02-14 22:08:13 INFO  Logging:18 - $$$$$$$$$$$$$$$$$$$$$      Starting verifyLogoutPageTitleTest      $$$$$$$$$$$$$$$$$$$$$$$$$
2021-02-14 22:08:13 INFO  Logging:21 - ****************************************************************************************
2021-02-14 22:15:04 INFO  Logging:15 - ****************************************************************************************
2021-02-14 22:15:04 INFO  Logging:18 - $$$$$$$$$$$$$$$$$$$$$      Starting verifyLandingPageTitleTest      $$$$$$$$$$$$$$$$$$$$$$$$$
2021-02-14 22:15:04 INFO  Logging:21 - ****************************************************************************************
2021-02-14 22:15:06 INFO  Logging:15 - ****************************************************************************************
2021-02-14 22:15:06 INFO  Logging:18 - $$$$$$$$$$$$$$$$$$$$$      Starting loginTest      $$$$$$$$$$$$$$$$$$$$$$$$$
2021-02-14 22:15:06 INFO  Logging:21 - ****************************************************************************************
2021-02-14 22:15:07 INFO  Logging:15 - ****************************************************************************************
2021-02-14 22:15:07 INFO  Logging:18 - $$$$$$$$$$$$$$$$$$$$$      Starting loginTest      $$$$$$$$$$$$$$$$$$$$$$$$$
2021-02-14 22:15:07 INFO  Logging:21 - ****************************************************************************************
2021-02-14 22:15:07 INFO  Logging:15 - ****************************************************************************************
2021-02-14 22:15:07 INFO  Logging:18 - $$$$$$$$$$$$$$$$$$$$$      Starting keywordLoginTest      $$$$$$$$$$$$$$$$$$$$$$$$$
2021-02-14 22:15:07 INFO  Logging:21 - ****************************************************************************************
2021-02-15 11:02:25 INFO  Logging:15 - ****************************************************************************************
2021-02-15 11:02:25 INFO  Logging:18 - $$$$$$$$$$$$$$$$$$$$$      Starting verifyLandingPageTitleTest      $$$$$$$$$$$$$$$$$$$$$$$$$
2021-02-15 11:02:25 INFO  Logging:21 - ****************************************************************************************
2021-02-15 11:02:28 INFO  Logging:28 - XXXXXXXXXXXXXXXXXXXXXXX             -E---N---D-             XXXXXXXXXXXXXXXXXXXXXX
2021-02-15 11:04:03 INFO  Logging:15 - ****************************************************************************************
2021-02-15 11:04:03 INFO  Logging:18 - $$$$$$$$$$$$$$$$$$$$$      Starting loginTest      $$$$$$$$$$$$$$$$$$$$$$$$$
2021-02-15 11:04:03 INFO  Logging:21 - ****************************************************************************************
2021-02-15 11:04:06 INFO  Logging:28 - XXXXXXXXXXXXXXXXXXXXXXX             -E---N---D-             XXXXXXXXXXXXXXXXXXXXXX
2021-02-15 11:04:12 INFO  Logging:15 - ****************************************************************************************
2021-02-15 11:04:12 INFO  Logging:18 - $$$$$$$$$$$$$$$$$$$$$      Starting loginTest      $$$$$$$$$$$$$$$$$$$$$$$$$
2021-02-15 11:04:12 INFO  Logging:21 - ****************************************************************************************
2021-02-15 11:04:15 INFO  Logging:28 - XXXXXXXXXXXXXXXXXXXXXXX             -E---N---D-             XXXXXXXXXXXXXXXXXXXXXX
2021-02-15 11:04:15 INFO  Logging:15 - ****************************************************************************************
2021-02-15 11:04:15 INFO  Logging:18 - $$$$$$$$$$$$$$$$$$$$$      Starting keywordLoginTest      $$$$$$$$$$$$$$$$$$$$$$$$$
2021-02-15 11:04:15 INFO  Logging:21 - ****************************************************************************************
2021-02-15 11:04:27 INFO  Logging:28 - XXXXXXXXXXXXXXXXXXXXXXX             -E---N---D-             XXXXXXXXXXXXXXXXXXXXXX
2021-02-15 11:04:32 INFO  Logging:15 - ****************************************************************************************
2021-02-15 11:04:32 INFO  Logging:18 - $$$$$$$$$$$$$$$$$$$$$      Starting verifyHomePageTitle      $$$$$$$$$$$$$$$$$$$$$$$$$
2021-02-15 11:04:32 INFO  Logging:21 - ****************************************************************************************
2021-02-15 11:04:32 INFO  Logging:28 - XXXXXXXXXXXXXXXXXXXXXXX             -E---N---D-             XXXXXXXXXXXXXXXXXXXXXX
2021-02-15 11:04:41 INFO  Logging:15 - ****************************************************************************************
2021-02-15 11:04:41 INFO  Logging:18 - $$$$$$$$$$$$$$$$$$$$$      Starting verifyLogoutPageTitleTest      $$$$$$$$$$$$$$$$$$$$$$$$$
2021-02-15 11:04:41 INFO  Logging:21 - ****************************************************************************************
2021-02-15 11:04:49 INFO  Logging:28 - XXXXXXXXXXXXXXXXXXXXXXX             -E---N---D-             XXXXXXXXXXXXXXXXXXXXXX
